This file contains any messages produced by compilers while
running configure, to aid debugging if configure makes a mistake.

It was created by Varnish configure 3.0.5, which was
generated by GNU Autoconf 2.69.  Invocation command line was

  $ ./configure --no-create --no-recursion

## --------- ##
## Platform. ##
## --------- ##

hostname = build-server
uname -m = x86_64
uname -r = 3.13.0-24-generic
uname -s = Linux
uname -v = #46-Ubuntu SMP Thu Apr 10 19:11:08 UTC 2014

/usr/bin/uname -p = unknown
/bin/uname -X     = unknown

/bin/arch              = unknown
/usr/bin/arch -k       = unknown
/usr/convex/getsysinfo = unknown
/usr/bin/hostinfo      = unknown
/bin/machine           = unknown
/usr/bin/oslevel       = unknown
/bin/universe          = unknown

PATH: /usr/local/sbin
PATH: /usr/local/bin
PATH: /usr/sbin
PATH: /usr/bin
PATH: /sbin
PATH: /bin
PATH: /usr/games
PATH: /usr/local/games


## ----------- ##
## Core tests. ##
## ----------- ##

configure:2515: checking build system type
configure:2529: result: x86_64-unknown-linux-gnu
configure:2549: checking host system type
configure:2562: result: x86_64-unknown-linux-gnu
configure:2582: checking target system type
configure:2595: result: x86_64-unknown-linux-gnu
configure:2645: checking for a BSD-compatible install
configure:2713: result: /usr/bin/install -c
configure:2724: checking whether build environment is sane
configure:2779: result: yes
configure:2930: checking for a thread-safe mkdir -p
configure:2969: result: /bin/mkdir -p
configure:2976: checking for gawk
configure:2992: found /usr/bin/gawk
configure:3003: result: gawk
configure:3014: checking whether make sets $(MAKE)
configure:3036: result: yes
configure:3065: checking whether make supports nested variables
configure:3082: result: yes
configure:3221: checking for style of include used by make
configure:3249: result: GNU
configure:3320: checking for gcc
configure:3336: found /usr/bin/gcc
configure:3347: result: gcc
configure:3576: checking for C compiler version
configure:3585: gcc --version >&5
gcc (Ubuntu 4.8.2-19ubuntu1) 4.8.2
Copyright (C) 2013 Free Software Foundation, Inc.
This is free software; see the source for copying conditions.  There is NO
warranty; not even for MERCHANTABILITY or FITNESS FOR A PARTICULAR PURPOSE.

configure:3596: $? = 0
configure:3585: gcc -v >&5
Using built-in specs.
COLLECT_GCC=gcc
COLLECT_LTO_WRAPPER=/usr/lib/gcc/x86_64-linux-gnu/4.8/lto-wrapper
Target: x86_64-linux-gnu
Configured with: ../src/configure -v --with-pkgversion='Ubuntu 4.8.2-19ubuntu1' --with-bugurl=file:///usr/share/doc/gcc-4.8/README.Bugs --enable-languages=c,c++,java,go,d,fortran,objc,obj-c++ --prefix=/usr --program-suffix=-4.8 --enable-shared --enable-linker-build-id --libexecdir=/usr/lib --without-included-gettext --enable-threads=posix --with-gxx-include-dir=/usr/include/c++/4.8 --libdir=/usr/lib --enable-nls --with-sysroot=/ --enable-clocale=gnu --enable-libstdcxx-debug --enable-libstdcxx-time=yes --enable-gnu-unique-object --disable-libmudflap --enable-plugin --with-system-zlib --disable-browser-plugin --enable-java-awt=gtk --enable-gtk-cairo --with-java-home=/usr/lib/jvm/java-1.5.0-gcj-4.8-amd64/jre --enable-java-home --with-jvm-root-dir=/usr/lib/jvm/java-1.5.0-gcj-4.8-amd64 --with-jvm-jar-dir=/usr/lib/jvm-exports/java-1.5.0-gcj-4.8-amd64 --with-arch-directory=amd64 --with-ecj-jar=/usr/share/java/eclipse-ecj.jar --enable-objc-gc --enable-multiarch --disable-werror --with-arch-32=i686 --with-abi=m64 --with-multilib-list=m32,m64,mx32 --with-tune=generic --enable-checking=release --build=x86_64-linux-gnu --host=x86_64-linux-gnu --target=x86_64-linux-gnu
Thread model: posix
gcc version 4.8.2 (Ubuntu 4.8.2-19ubuntu1) 
configure:3596: $? = 0
configure:3585: gcc -V >&5
gcc: error: unrecognized command line option '-V'
gcc: fatal error: no input files
compilation terminated.
configure:3596: $? = 4
configure:3585: gcc -qversion >&5
gcc: error: unrecognized command line option '-qversion'
gcc: fatal error: no input files
compilation terminated.
configure:3596: $? = 4
configure:3616: checking whether the C compiler works
configure:3638: gcc    conftest.c  >&5
configure:3642: $? = 0
configure:3690: result: yes
configure:3693: checking for C compiler default output file name
configure:3695: result: a.out
configure:3701: checking for suffix of executables
configure:3708: gcc -o conftest    conftest.c  >&5
configure:3712: $? = 0
configure:3734: result: 
configure:3756: checking whether we are cross compiling
configure:3764: gcc -o conftest    conftest.c  >&5
configure:3768: $? = 0
configure:3775: ./conftest
configure:3779: $? = 0
configure:3794: result: no
configure:3799: checking for suffix of object files
configure:3821: gcc -c   conftest.c >&5
configure:3825: $? = 0
configure:3846: result: o
configure:3850: checking whether we are using the GNU C compiler
configure:3869: gcc -c   conftest.c >&5
configure:3869: $? = 0
configure:3878: result: yes
configure:3887: checking whether gcc accepts -g
configure:3907: gcc -c -g  conftest.c >&5
configure:3907: $? = 0
configure:3948: result: yes
configure:3965: checking for gcc option to accept ISO C89
configure:4028: gcc  -c -g -O2  conftest.c >&5
configure:4028: $? = 0
configure:4041: result: none needed
configure:4066: checking whether gcc understands -c and -o together
configure:4088: gcc -c conftest.c -o conftest2.o
configure:4091: $? = 0
configure:4088: gcc -c conftest.c -o conftest2.o
configure:4091: $? = 0
configure:4103: result: yes
configure:4122: checking dependency style of gcc
configure:4233: result: gcc3
configure:4254: checking how to run the C preprocessor
configure:4285: gcc -E  conftest.c
configure:4285: $? = 0
configure:4299: gcc -E  conftest.c
conftest.c:11:28: fatal error: ac_nonexistent.h: No such file or directory
 #include <ac_nonexistent.h>
                            ^
compilation terminated.
configure:4299: $? = 1
configure: failed program was:
| /* confdefs.h */
| #define PACKAGE_NAME "Varnish"
| #define PACKAGE_TARNAME "varnish"
| #define PACKAGE_VERSION "3.0.5"
| #define PACKAGE_STRING "Varnish 3.0.5"
| #define PACKAGE_BUGREPORT "varnish-dev@varnish-cache.org"
| #define PACKAGE_URL ""
| #define PACKAGE "varnish"
| #define VERSION "3.0.5"
| /* end confdefs.h.  */
| #include <ac_nonexistent.h>
configure:4324: result: gcc -E
configure:4344: gcc -E  conftest.c
configure:4344: $? = 0
configure:4358: gcc -E  conftest.c
conftest.c:11:28: fatal error: ac_nonexistent.h: No such file or directory
 #include <ac_nonexistent.h>
                            ^
compilation terminated.
configure:4358: $? = 1
configure: failed program was:
| /* confdefs.h */
| #define PACKAGE_NAME "Varnish"
| #define PACKAGE_TARNAME "varnish"
| #define PACKAGE_VERSION "3.0.5"
| #define PACKAGE_STRING "Varnish 3.0.5"
| #define PACKAGE_BUGREPORT "varnish-dev@varnish-cache.org"
| #define PACKAGE_URL ""
| #define PACKAGE "varnish"
| #define VERSION "3.0.5"
| /* end confdefs.h.  */
| #include <ac_nonexistent.h>
configure:4387: checking for grep that handles long lines and -e
configure:4445: result: /bin/grep
configure:4450: checking for egrep
configure:4512: result: /bin/grep -E
configure:4517: checking for ANSI C header files
configure:4537: gcc -c -g -O2  conftest.c >&5
configure:4537: $? = 0
configure:4610: gcc -o conftest -g -O2   conftest.c  >&5
configure:4610: $? = 0
configure:4610: ./conftest
configure:4610: $? = 0
configure:4621: result: yes
configure:4634: checking for sys/types.h
configure:4634: gcc -c -g -O2  conftest.c >&5
configure:4634: $? = 0
configure:4634: result: yes
configure:4634: checking for sys/stat.h
configure:4634: gcc -c -g -O2  conftest.c >&5
configure:4634: $? = 0
configure:4634: result: yes
configure:4634: checking for stdlib.h
configure:4634: gcc -c -g -O2  conftest.c >&5
configure:4634: $? = 0
configure:4634: result: yes
configure:4634: checking for string.h
configure:4634: gcc -c -g -O2  conftest.c >&5
configure:4634: $? = 0
configure:4634: result: yes
configure:4634: checking for memory.h
configure:4634: gcc -c -g -O2  conftest.c >&5
configure:4634: $? = 0
configure:4634: result: yes
configure:4634: checking for strings.h
configure:4634: gcc -c -g -O2  conftest.c >&5
configure:4634: $? = 0
configure:4634: result: yes
configure:4634: checking for inttypes.h
configure:4634: gcc -c -g -O2  conftest.c >&5
configure:4634: $? = 0
configure:4634: result: yes
configure:4634: checking for stdint.h
configure:4634: gcc -c -g -O2  conftest.c >&5
configure:4634: $? = 0
configure:4634: result: yes
configure:4634: checking for unistd.h
configure:4634: gcc -c -g -O2  conftest.c >&5
configure:4634: $? = 0
configure:4634: result: yes
configure:4647: checking minix/config.h usability
configure:4647: gcc -c -g -O2  conftest.c >&5
conftest.c:54:26: fatal error: minix/config.h: No such file or directory
 #include <minix/config.h>
                          ^
compilation terminated.
configure:4647: $? = 1
configure: failed program was:
| /* confdefs.h */
| #define PACKAGE_NAME "Varnish"
| #define PACKAGE_TARNAME "varnish"
| #define PACKAGE_VERSION "3.0.5"
| #define PACKAGE_STRING "Varnish 3.0.5"
| #define PACKAGE_BUGREPORT "varnish-dev@varnish-cache.org"
| #define PACKAGE_URL ""
| #define PACKAGE "varnish"
| #define VERSION "3.0.5"
| #define STDC_HEADERS 1
| #define HAVE_SYS_TYPES_H 1
| #define HAVE_SYS_STAT_H 1
| #define HAVE_STDLIB_H 1
| #define HAVE_STRING_H 1
| #define HAVE_MEMORY_H 1
| #define HAVE_STRINGS_H 1
| #define HAVE_INTTYPES_H 1
| #define HAVE_STDINT_H 1
| #define HAVE_UNISTD_H 1
| /* end confdefs.h.  */
| #include <stdio.h>
| #ifdef HAVE_SYS_TYPES_H
| # include <sys/types.h>
| #endif
| #ifdef HAVE_SYS_STAT_H
| # include <sys/stat.h>
| #endif
| #ifdef STDC_HEADERS
| # include <stdlib.h>
| # include <stddef.h>
| #else
| # ifdef HAVE_STDLIB_H
| #  include <stdlib.h>
| # endif
| #endif
| #ifdef HAVE_STRING_H
| # if !defined STDC_HEADERS && defined HAVE_MEMORY_H
| #  include <memory.h>
| # endif
| # include <string.h>
| #endif
| #ifdef HAVE_STRINGS_H
| # include <strings.h>
| #endif
| #ifdef HAVE_INTTYPES_H
| # include <inttypes.h>
| #endif
| #ifdef HAVE_STDINT_H
| # include <stdint.h>
| #endif
| #ifdef HAVE_UNISTD_H
| # include <unistd.h>
| #endif
| #include <minix/config.h>
configure:4647: result: no
configure:4647: checking minix/config.h presence
configure:4647: gcc -E  conftest.c
conftest.c:21:26: fatal error: minix/config.h: No such file or directory
 #include <minix/config.h>
                          ^
compilation terminated.
configure:4647: $? = 1
configure: failed program was:
| /* confdefs.h */
| #define PACKAGE_NAME "Varnish"
| #define PACKAGE_TARNAME "varnish"
| #define PACKAGE_VERSION "3.0.5"
| #define PACKAGE_STRING "Varnish 3.0.5"
| #define PACKAGE_BUGREPORT "varnish-dev@varnish-cache.org"
| #define PACKAGE_URL ""
| #define PACKAGE "varnish"
| #define VERSION "3.0.5"
| #define STDC_HEADERS 1
| #define HAVE_SYS_TYPES_H 1
| #define HAVE_SYS_STAT_H 1
| #define HAVE_STDLIB_H 1
| #define HAVE_STRING_H 1
| #define HAVE_MEMORY_H 1
| #define HAVE_STRINGS_H 1
| #define HAVE_INTTYPES_H 1
| #define HAVE_STDINT_H 1
| #define HAVE_UNISTD_H 1
| /* end confdefs.h.  */
| #include <minix/config.h>
configure:4647: result: no
configure:4647: checking for minix/config.h
configure:4647: result: no
configure:4668: checking whether it is safe to define __EXTENSIONS__
configure:4686: gcc -c -g -O2  conftest.c >&5
configure:4686: $? = 0
configure:4693: result: yes
configure:4756: checking for gcc
configure:4783: result: gcc
configure:5012: checking for C compiler version
configure:5021: gcc --version >&5
gcc (Ubuntu 4.8.2-19ubuntu1) 4.8.2
Copyright (C) 2013 Free Software Foundation, Inc.
This is free software; see the source for copying conditions.  There is NO
warranty; not even for MERCHANTABILITY or FITNESS FOR A PARTICULAR PURPOSE.

configure:5032: $? = 0
configure:5021: gcc -v >&5
Using built-in specs.
COLLECT_GCC=gcc
COLLECT_LTO_WRAPPER=/usr/lib/gcc/x86_64-linux-gnu/4.8/lto-wrapper
Target: x86_64-linux-gnu
Configured with: ../src/configure -v --with-pkgversion='Ubuntu 4.8.2-19ubuntu1' --with-bugurl=file:///usr/share/doc/gcc-4.8/README.Bugs --enable-languages=c,c++,java,go,d,fortran,objc,obj-c++ --prefix=/usr --program-suffix=-4.8 --enable-shared --enable-linker-build-id --libexecdir=/usr/lib --without-included-gettext --enable-threads=posix --with-gxx-include-dir=/usr/include/c++/4.8 --libdir=/usr/lib --enable-nls --with-sysroot=/ --enable-clocale=gnu --enable-libstdcxx-debug --enable-libstdcxx-time=yes --enable-gnu-unique-object --disable-libmudflap --enable-plugin --with-system-zlib --disable-browser-plugin --enable-java-awt=gtk --enable-gtk-cairo --with-java-home=/usr/lib/jvm/java-1.5.0-gcj-4.8-amd64/jre --enable-java-home --with-jvm-root-dir=/usr/lib/jvm/java-1.5.0-gcj-4.8-amd64 --with-jvm-jar-dir=/usr/lib/jvm-exports/java-1.5.0-gcj-4.8-amd64 --with-arch-directory=amd64 --with-ecj-jar=/usr/share/java/eclipse-ecj.jar --enable-objc-gc --enable-multiarch --disable-werror --with-arch-32=i686 --with-abi=m64 --with-multilib-list=m32,m64,mx32 --with-tune=generic --enable-checking=release --build=x86_64-linux-gnu --host=x86_64-linux-gnu --target=x86_64-linux-gnu
Thread model: posix
gcc version 4.8.2 (Ubuntu 4.8.2-19ubuntu1) 
configure:5032: $? = 0
configure:5021: gcc -V >&5
gcc: error: unrecognized command line option '-V'
gcc: fatal error: no input files
compilation terminated.
configure:5032: $? = 4
configure:5021: gcc -qversion >&5
gcc: error: unrecognized command line option '-qversion'
gcc: fatal error: no input files
compilation terminated.
configure:5032: $? = 4
configure:5036: checking whether we are using the GNU C compiler
configure:5064: result: yes
configure:5073: checking whether gcc accepts -g
configure:5134: result: yes
configure:5151: checking for gcc option to accept ISO C89
configure:5227: result: none needed
configure:5252: checking whether gcc understands -c and -o together
configure:5289: result: yes
configure:5308: checking dependency style of gcc
configure:5419: result: gcc3
configure:5438: checking for gcc option to accept ISO C99
configure:5587: gcc  -c -g -O2  conftest.c >&5
conftest.c:76:29: error: expected ';', ',' or ')' before 'text'
 test_restrict (ccp restrict text)
                             ^
conftest.c: In function 'main':
conftest.c:130:18: error: expected '=', ',', ';', 'asm' or '__attribute__' before 'newvar'
   char *restrict newvar = "Another string";
                  ^
conftest.c:130:18: error: 'newvar' undeclared (first use in this function)
conftest.c:130:18: note: each undeclared identifier is reported only once for each function it appears in
conftest.c:140:3: error: 'for' loop initial declarations are only allowed in C99 mode
   for (int i = 0; i < ia->datasize; ++i)
   ^
conftest.c:140:3: note: use option -std=c99 or -std=gnu99 to compile your code
configure:5587: $? = 1
configure: failed program was:
| /* confdefs.h */
| #define PACKAGE_NAME "Varnish"
| #define PACKAGE_TARNAME "varnish"
| #define PACKAGE_VERSION "3.0.5"
| #define PACKAGE_STRING "Varnish 3.0.5"
| #define PACKAGE_BUGREPORT "varnish-dev@varnish-cache.org"
| #define PACKAGE_URL ""
| #define PACKAGE "varnish"
| #define VERSION "3.0.5"
| #define STDC_HEADERS 1
| #define HAVE_SYS_TYPES_H 1
| #define HAVE_SYS_STAT_H 1
| #define HAVE_STDLIB_H 1
| #define HAVE_STRING_H 1
| #define HAVE_MEMORY_H 1
| #define HAVE_STRINGS_H 1
| #define HAVE_INTTYPES_H 1
| #define HAVE_STDINT_H 1
| #define HAVE_UNISTD_H 1
| #define __EXTENSIONS__ 1
| #define _ALL_SOURCE 1
| #define _GNU_SOURCE 1
| #define _POSIX_PTHREAD_SEMANTICS 1
| #define _TANDEM_SOURCE 1
| /* end confdefs.h.  */
| #include <stdarg.h>
| #include <stdbool.h>
| #include <stdlib.h>
| #include <wchar.h>
| #include <stdio.h>
| 
| // Check varargs macros.  These examples are taken from C99 6.10.3.5.
| #define debug(...) fprintf (stderr, __VA_ARGS__)
| #define showlist(...) puts (#__VA_ARGS__)
| #define report(test,...) ((test) ? puts (#test) : printf (__VA_ARGS__))
| static void
| test_varargs_macros (void)
| {
|   int x = 1234;
|   int y = 5678;
|   debug ("Flag");
|   debug ("X = %d\n", x);
|   showlist (The first, second, and third items.);
|   report (x>y, "x is %d but y is %d", x, y);
| }
| 
| // Check long long types.
| #define BIG64 18446744073709551615ull
| #define BIG32 4294967295ul
| #define BIG_OK (BIG64 / BIG32 == 4294967297ull && BIG64 % BIG32 == 0)
| #if !BIG_OK
|   your preprocessor is broken;
| #endif
| #if BIG_OK
| #else
|   your preprocessor is broken;
| #endif
| static long long int bignum = -9223372036854775807LL;
| static unsigned long long int ubignum = BIG64;
| 
| struct incomplete_array
| {
|   int datasize;
|   double data[];
| };
| 
| struct named_init {
|   int number;
|   const wchar_t *name;
|   double average;
| };
| 
| typedef const char *ccp;
| 
| static inline int
| test_restrict (ccp restrict text)
| {
|   // See if C++-style comments work.
|   // Iterate through items via the restricted pointer.
|   // Also check for declarations in for loops.
|   for (unsigned int i = 0; *(text+i) != '\0'; ++i)
|     continue;
|   return 0;
| }
| 
| // Check varargs and va_copy.
| static void
| test_varargs (const char *format, ...)
| {
|   va_list args;
|   va_start (args, format);
|   va_list args_copy;
|   va_copy (args_copy, args);
| 
|   const char *str;
|   int number;
|   float fnumber;
| 
|   while (*format)
|     {
|       switch (*format++)
| 	{
| 	case 's': // string
| 	  str = va_arg (args_copy, const char *);
| 	  break;
| 	case 'd': // int
| 	  number = va_arg (args_copy, int);
| 	  break;
| 	case 'f': // float
| 	  fnumber = va_arg (args_copy, double);
| 	  break;
| 	default:
| 	  break;
| 	}
|     }
|   va_end (args_copy);
|   va_end (args);
| }
| 
| int
| main ()
| {
| 
|   // Check bool.
|   _Bool success = false;
| 
|   // Check restrict.
|   if (test_restrict ("String literal") == 0)
|     success = true;
|   char *restrict newvar = "Another string";
| 
|   // Check varargs.
|   test_varargs ("s, d' f .", "string", 65, 34.234);
|   test_varargs_macros ();
| 
|   // Check flexible array members.
|   struct incomplete_array *ia =
|     malloc (sizeof (struct incomplete_array) + (sizeof (double) * 10));
|   ia->datasize = 10;
|   for (int i = 0; i < ia->datasize; ++i)
|     ia->data[i] = i * 1.234;
| 
|   // Check named initializers.
|   struct named_init ni = {
|     .number = 34,
|     .name = L"Test wide string",
|     .average = 543.34343,
|   };
| 
|   ni.number = 58;
| 
|   int dynamic_array[ni.number];
|   dynamic_array[ni.number - 1] = 543;
| 
|   // work around unused variable warnings
|   return (!success || bignum == 0LL || ubignum == 0uLL || newvar[0] == 'x'
| 	  || dynamic_array[ni.number - 1] != 543);
| 
|   ;
|   return 0;
| }
configure:5587: gcc -std=gnu99 -c -g -O2  conftest.c >&5
configure:5587: $? = 0
configure:5607: result: -std=gnu99
configure:5708: checking for gcc -std=gnu99 option to accept ISO Standard C
configure:5722: result: -std=gnu99
configure:5769: checking how to run the C preprocessor
configure:5839: result: gcc -E
configure:5859: gcc -E  conftest.c
configure:5859: $? = 0
configure:5873: gcc -E  conftest.c
conftest.c:26:28: fatal error: ac_nonexistent.h: No such file or directory
 #include <ac_nonexistent.h>
                            ^
compilation terminated.
configure:5873: $? = 1
configure: failed program was:
| /* confdefs.h */
| #define PACKAGE_NAME "Varnish"
| #define PACKAGE_TARNAME "varnish"
| #define PACKAGE_VERSION "3.0.5"
| #define PACKAGE_STRING "Varnish 3.0.5"
| #define PACKAGE_BUGREPORT "varnish-dev@varnish-cache.org"
| #define PACKAGE_URL ""
| #define PACKAGE "varnish"
| #define VERSION "3.0.5"
| #define STDC_HEADERS 1
| #define HAVE_SYS_TYPES_H 1
| #define HAVE_SYS_STAT_H 1
| #define HAVE_STDLIB_H 1
| #define HAVE_STRING_H 1
| #define HAVE_MEMORY_H 1
| #define HAVE_STRINGS_H 1
| #define HAVE_INTTYPES_H 1
| #define HAVE_STDINT_H 1
| #define HAVE_UNISTD_H 1
| #define __EXTENSIONS__ 1
| #define _ALL_SOURCE 1
| #define _GNU_SOURCE 1
| #define _POSIX_PTHREAD_SEMANTICS 1
| #define _TANDEM_SOURCE 1
| /* end confdefs.h.  */
| #include <ac_nonexistent.h>
configure:6071: checking for the pthreads library -lpthreads
configure:6109: gcc -std=gnu99 -o conftest -g -O2    conftest.c -lpthreads  >&5
/usr/bin/ld: cannot find -lpthreads
collect2: error: ld returned 1 exit status
configure:6109: $? = 1
configure: failed program was:
| /* confdefs.h */
| #define PACKAGE_NAME "Varnish"
| #define PACKAGE_TARNAME "varnish"
| #define PACKAGE_VERSION "3.0.5"
| #define PACKAGE_STRING "Varnish 3.0.5"
| #define PACKAGE_BUGREPORT "varnish-dev@varnish-cache.org"
| #define PACKAGE_URL ""
| #define PACKAGE "varnish"
| #define VERSION "3.0.5"
| #define STDC_HEADERS 1
| #define HAVE_SYS_TYPES_H 1
| #define HAVE_SYS_STAT_H 1
| #define HAVE_STDLIB_H 1
| #define HAVE_STRING_H 1
| #define HAVE_MEMORY_H 1
| #define HAVE_STRINGS_H 1
| #define HAVE_INTTYPES_H 1
| #define HAVE_STDINT_H 1
| #define HAVE_UNISTD_H 1
| #define __EXTENSIONS__ 1
| #define _ALL_SOURCE 1
| #define _GNU_SOURCE 1
| #define _POSIX_PTHREAD_SEMANTICS 1
| #define _TANDEM_SOURCE 1
| /* end confdefs.h.  */
| #include <pthread.h>
| 	             static void routine(void* a) {a=0;}
| 	             static void* start_routine(void* a) {return a;}
| int
| main ()
| {
| pthread_t th; pthread_attr_t attr;
|                      pthread_join(th, 0);
|                      pthread_attr_init(&attr);
|                      pthread_cleanup_push(routine, 0);
|                      pthread_create(&th,0,start_routine,0);
|                      pthread_cleanup_pop(0);
|   ;
|   return 0;
| }
configure:6118: result: no
configure:6016: checking whether pthreads work without any flags
configure:6109: gcc -std=gnu99 -o conftest -g -O2    conftest.c   >&5
/tmp/ccpUjxlG.o: In function `main':
/home/ubuntu/lmc-packages/dependencies/varnish-3.0.5/conftest.c:33: undefined reference to `pthread_join'
/home/ubuntu/lmc-packages/dependencies/varnish-3.0.5/conftest.c:35: undefined reference to `__pthread_register_cancel'
/home/ubuntu/lmc-packages/dependencies/varnish-3.0.5/conftest.c:36: undefined reference to `pthread_create'
/home/ubuntu/lmc-packages/dependencies/varnish-3.0.5/conftest.c:37: undefined reference to `__pthread_unregister_cancel'
collect2: error: ld returned 1 exit status
configure:6109: $? = 1
configure: failed program was:
| /* confdefs.h */
| #define PACKAGE_NAME "Varnish"
| #define PACKAGE_TARNAME "varnish"
| #define PACKAGE_VERSION "3.0.5"
| #define PACKAGE_STRING "Varnish 3.0.5"
| #define PACKAGE_BUGREPORT "varnish-dev@varnish-cache.org"
| #define PACKAGE_URL ""
| #define PACKAGE "varnish"
| #define VERSION "3.0.5"
| #define STDC_HEADERS 1
| #define HAVE_SYS_TYPES_H 1
| #define HAVE_SYS_STAT_H 1
| #define HAVE_STDLIB_H 1
| #define HAVE_STRING_H 1
| #define HAVE_MEMORY_H 1
| #define HAVE_STRINGS_H 1
| #define HAVE_INTTYPES_H 1
| #define HAVE_STDINT_H 1
| #define HAVE_UNISTD_H 1
| #define __EXTENSIONS__ 1
| #define _ALL_SOURCE 1
| #define _GNU_SOURCE 1
| #define _POSIX_PTHREAD_SEMANTICS 1
| #define _TANDEM_SOURCE 1
| /* end confdefs.h.  */
| #include <pthread.h>
| 	             static void routine(void* a) {a=0;}
| 	             static void* start_routine(void* a) {return a;}
| int
| main ()
| {
| pthread_t th; pthread_attr_t attr;
|                      pthread_join(th, 0);
|                      pthread_attr_init(&attr);
|                      pthread_cleanup_push(routine, 0);
|                      pthread_create(&th,0,start_routine,0);
|                      pthread_cleanup_pop(0);
|   ;
|   return 0;
| }
configure:6118: result: no
configure:6021: checking whether pthreads work with -Kthread
configure:6109: gcc -std=gnu99 -o conftest -g -O2 -Kthread   conftest.c   >&5
gcc: error: unrecognized command line option '-Kthread'
configure:6109: $? = 1
configure: failed program was:
| /* confdefs.h */
| #define PACKAGE_NAME "Varnish"
| #define PACKAGE_TARNAME "varnish"
| #define PACKAGE_VERSION "3.0.5"
| #define PACKAGE_STRING "Varnish 3.0.5"
| #define PACKAGE_BUGREPORT "varnish-dev@varnish-cache.org"
| #define PACKAGE_URL ""
| #define PACKAGE "varnish"
| #define VERSION "3.0.5"
| #define STDC_HEADERS 1
| #define HAVE_SYS_TYPES_H 1
| #define HAVE_SYS_STAT_H 1
| #define HAVE_STDLIB_H 1
| #define HAVE_STRING_H 1
| #define HAVE_MEMORY_H 1
| #define HAVE_STRINGS_H 1
| #define HAVE_INTTYPES_H 1
| #define HAVE_STDINT_H 1
| #define HAVE_UNISTD_H 1
| #define __EXTENSIONS__ 1
| #define _ALL_SOURCE 1
| #define _GNU_SOURCE 1
| #define _POSIX_PTHREAD_SEMANTICS 1
| #define _TANDEM_SOURCE 1
| /* end confdefs.h.  */
| #include <pthread.h>
| 	             static void routine(void* a) {a=0;}
| 	             static void* start_routine(void* a) {return a;}
| int
| main ()
| {
| pthread_t th; pthread_attr_t attr;
|                      pthread_join(th, 0);
|                      pthread_attr_init(&attr);
|                      pthread_cleanup_push(routine, 0);
|                      pthread_create(&th,0,start_routine,0);
|                      pthread_cleanup_pop(0);
|   ;
|   return 0;
| }
configure:6118: result: no
configure:6021: checking whether pthreads work with -kthread
configure:6109: gcc -std=gnu99 -o conftest -g -O2 -kthread   conftest.c   >&5
gcc: error: unrecognized command line option '-kthread'
configure:6109: $? = 1
configure: failed program was:
| /* confdefs.h */
| #define PACKAGE_NAME "Varnish"
| #define PACKAGE_TARNAME "varnish"
| #define PACKAGE_VERSION "3.0.5"
| #define PACKAGE_STRING "Varnish 3.0.5"
| #define PACKAGE_BUGREPORT "varnish-dev@varnish-cache.org"
| #define PACKAGE_URL ""
| #define PACKAGE "varnish"
| #define VERSION "3.0.5"
| #define STDC_HEADERS 1
| #define HAVE_SYS_TYPES_H 1
| #define HAVE_SYS_STAT_H 1
| #define HAVE_STDLIB_H 1
| #define HAVE_STRING_H 1
| #define HAVE_MEMORY_H 1
| #define HAVE_STRINGS_H 1
| #define HAVE_INTTYPES_H 1
| #define HAVE_STDINT_H 1
| #define HAVE_UNISTD_H 1
| #define __EXTENSIONS__ 1
| #define _ALL_SOURCE 1
| #define _GNU_SOURCE 1
| #define _POSIX_PTHREAD_SEMANTICS 1
| #define _TANDEM_SOURCE 1
| /* end confdefs.h.  */
| #include <pthread.h>
| 	             static void routine(void* a) {a=0;}
| 	             static void* start_routine(void* a) {return a;}
| int
| main ()
| {
| pthread_t th; pthread_attr_t attr;
|                      pthread_join(th, 0);
|                      pthread_attr_init(&attr);
|                      pthread_cleanup_push(routine, 0);
|                      pthread_create(&th,0,start_routine,0);
|                      pthread_cleanup_pop(0);
|   ;
|   return 0;
| }
configure:6118: result: no
configure:6071: checking for the pthreads library -llthread
configure:6109: gcc -std=gnu99 -o conftest -g -O2    conftest.c -llthread  >&5
/usr/bin/ld: cannot find -llthread
collect2: error: ld returned 1 exit status
configure:6109: $? = 1
configure: failed program was:
| /* confdefs.h */
| #define PACKAGE_NAME "Varnish"
| #define PACKAGE_TARNAME "varnish"
| #define PACKAGE_VERSION "3.0.5"
| #define PACKAGE_STRING "Varnish 3.0.5"
| #define PACKAGE_BUGREPORT "varnish-dev@varnish-cache.org"
| #define PACKAGE_URL ""
| #define PACKAGE "varnish"
| #define VERSION "3.0.5"
| #define STDC_HEADERS 1
| #define HAVE_SYS_TYPES_H 1
| #define HAVE_SYS_STAT_H 1
| #define HAVE_STDLIB_H 1
| #define HAVE_STRING_H 1
| #define HAVE_MEMORY_H 1
| #define HAVE_STRINGS_H 1
| #define HAVE_INTTYPES_H 1
| #define HAVE_STDINT_H 1
| #define HAVE_UNISTD_H 1
| #define __EXTENSIONS__ 1
| #define _ALL_SOURCE 1
| #define _GNU_SOURCE 1
| #define _POSIX_PTHREAD_SEMANTICS 1
| #define _TANDEM_SOURCE 1
| /* end confdefs.h.  */
| #include <pthread.h>
| 	             static void routine(void* a) {a=0;}
| 	             static void* start_routine(void* a) {return a;}
| int
| main ()
| {
| pthread_t th; pthread_attr_t attr;
|                      pthread_join(th, 0);
|                      pthread_attr_init(&attr);
|                      pthread_cleanup_push(routine, 0);
|                      pthread_create(&th,0,start_routine,0);
|                      pthread_cleanup_pop(0);
|   ;
|   return 0;
| }
configure:6118: result: no
configure:6021: checking whether pthreads work with -pthread
configure:6109: gcc -std=gnu99 -o conftest -g -O2 -pthread   conftest.c   >&5
configure:6109: $? = 0
configure:6118: result: yes
configure:6137: checking for joinable pthread attribute
configure:6152: gcc -std=gnu99 -o conftest -g -O2 -pthread   conftest.c   >&5
configure:6152: $? = 0
configure:6158: result: PTHREAD_CREATE_JOINABLE
configure:6168: checking if more special flags are required for pthreads
configure:6175: result: no
configure:6309: checking how to print strings
configure:6336: result: printf
configure:6357: checking for a sed that does not truncate output
configure:6421: result: /bin/sed
configure:6439: checking for fgrep
configure:6501: result: /bin/grep -F
configure:6536: checking for ld used by gcc -std=gnu99
configure:6603: result: /usr/bin/ld
configure:6610: checking if the linker (/usr/bin/ld) is GNU ld
configure:6625: result: yes
configure:6637: checking for BSD- or MS-compatible name lister (nm)
configure:6686: result: /usr/bin/nm -B
configure:6816: checking the name lister (/usr/bin/nm -B) interface
configure:6823: gcc -std=gnu99 -c -g -O2 -pthread  conftest.c >&5
configure:6826: /usr/bin/nm -B "conftest.o"
configure:6829: output
0000000000000000 B some_variable
configure:6836: result: BSD nm
configure:6839: checking whether ln -s works
configure:6843: result: yes
configure:6851: checking the maximum length of command line arguments
configure:6982: result: 3458764513820540925
configure:6999: checking whether the shell understands some XSI constructs
configure:7009: result: yes
configure:7013: checking whether the shell understands "+="
configure:7019: result: yes
configure:7054: checking how to convert x86_64-unknown-linux-gnu file names to x86_64-unknown-linux-gnu format
configure:7094: result: func_convert_file_noop
configure:7101: checking how to convert x86_64-unknown-linux-gnu file names to toolchain format
configure:7121: result: func_convert_file_noop
configure:7128: checking for /usr/bin/ld option to reload object files
configure:7135: result: -r
configure:7209: checking for objdump
configure:7225: found /usr/bin/objdump
configure:7236: result: objdump
configure:7268: checking how to recognize dependent libraries
configure:7466: result: pass_all
configure:7551: checking for dlltool
configure:7581: result: no
configure:7611: checking how to associate runtime and link libraries
configure:7638: result: printf %s\n
configure:7698: checking for ar
configure:7714: found /usr/bin/ar
configure:7725: result: ar
configure:7762: checking for archiver @FILE support
configure:7779: gcc -std=gnu99 -c -g -O2 -pthread  conftest.c >&5
configure:7779: $? = 0
configure:7782: ar cru libconftest.a @conftest.lst >&5
configure:7785: $? = 0
configure:7790: ar cru libconftest.a @conftest.lst >&5
ar: conftest.o: No such file or directory
configure:7793: $? = 1
configure:7805: result: @
configure:7863: checking for strip
configure:7879: found /usr/bin/strip
configure:7890: result: strip
configure:7962: checking for ranlib
configure:7978: found /usr/bin/ranlib
configure:7989: result: ranlib
configure:8091: checking command to parse /usr/bin/nm -B output from gcc -std=gnu99 object
configure:8211: gcc -std=gnu99 -c -g -O2 -pthread  conftest.c >&5
configure:8214: $? = 0
configure:8218: /usr/bin/nm -B conftest.o \| sed -n -e 's/^.*[ ]\([ABCDGIRSTW][ABCDGIRSTW]*\)[ ][ ]*\([_A-Za-z][_A-Za-z0-9]*\)$/\1 \2 \2/p' | sed '/ __gnu_lto/d' \> conftest.nm
configure:8221: $? = 0
configure:8287: gcc -std=gnu99 -o conftest -g -O2 -pthread   conftest.c conftstm.o >&5
configure:8290: $? = 0
configure:8328: result: ok
configure:8365: checking for sysroot
configure:8395: result: no
configure:8472: gcc -std=gnu99 -c -g -O2 -pthread  conftest.c >&5
configure:8475: $? = 0
configure:8664: checking for mt
configure:8680: found /bin/mt
configure:8691: result: mt
configure:8714: checking if mt is a manifest tool
configure:8720: mt '-?'
configure:8728: result: no
configure:9367: checking for dlfcn.h
configure:9367: gcc -std=gnu99 -c -g -O2 -pthread  conftest.c >&5
configure:9367: $? = 0
configure:9367: result: yes
configure:9573: checking for objdir
configure:9588: result: .libs
configure:9859: checking if gcc -std=gnu99 supports -fno-rtti -fno-exceptions
configure:9877: gcc -std=gnu99 -c -g -O2 -pthread  -fno-rtti -fno-exceptions conftest.c >&5
cc1: warning: command line option '-fno-rtti' is valid for C++/ObjC++ but not for C [enabled by default]
configure:9881: $? = 0
configure:9894: result: no
configure:10221: checking for gcc -std=gnu99 option to produce PIC
configure:10228: result: -fPIC -DPIC
configure:10236: checking if gcc -std=gnu99 PIC flag -fPIC -DPIC works
configure:10254: gcc -std=gnu99 -c -g -O2 -pthread  -fPIC -DPIC -DPIC conftest.c >&5
configure:10258: $? = 0
configure:10271: result: yes
configure:10300: checking if gcc -std=gnu99 static flag -static works
configure:10328: result: yes
configure:10343: checking if gcc -std=gnu99 supports -c -o file.o
configure:10364: gcc -std=gnu99 -c -g -O2 -pthread  -o out/conftest2.o conftest.c >&5
configure:10368: $? = 0
configure:10390: result: yes
configure:10398: checking if gcc -std=gnu99 supports -c -o file.o
configure:10445: result: yes
configure:10478: checking whether the gcc -std=gnu99 linker (/usr/bin/ld -m elf_x86_64) supports shared libraries
configure:11635: result: yes
configure:11672: checking whether -lc should be explicitly linked in
configure:11680: gcc -std=gnu99 -c -g -O2 -pthread  conftest.c >&5
configure:11683: $? = 0
configure:11698: gcc -std=gnu99 -shared  -fPIC -DPIC conftest.o  -v -Wl,-soname -Wl,conftest -o conftest 2\>\&1 \| /bin/grep  -lc  \>/dev/null 2\>\&1
configure:11701: $? = 0
configure:11715: result: no
configure:11875: checking dynamic linker characteristics
configure:12375: gcc -std=gnu99 -o conftest -g -O2 -pthread   -Wl,-rpath -Wl,/foo conftest.c   >&5
configure:12375: $? = 0
configure:12609: result: GNU/Linux ld.so
configure:12716: checking how to hardcode library paths into programs
configure:12741: result: immediate
configure:13281: checking whether stripping libraries is possible
configure:13286: result: yes
configure:13321: checking if libtool supports shared libraries
configure:13323: result: yes
configure:13326: checking whether to build shared libraries
configure:13347: result: yes
configure:13350: checking whether to build static libraries
configure:13354: result: yes
configure:13391: checking whether make sets $(MAKE)
configure:13413: result: yes
configure:13426: checking for xsltproc
configure:13456: result: no
configure:13466: WARNING: xsltproc not found â€“ not building documentation
configure:13486: checking for rst2man
configure:13502: found /usr/bin/rst2man
configure:13513: result: rst2man
configure:13549: checking for rst2html
configure:13565: found /usr/bin/rst2html
configure:13576: result: rst2html
configure:13606: checking for clock_gettime in -lrt
configure:13631: gcc -std=gnu99 -o conftest -g -O2 -pthread   conftest.c -lrt   >&5
configure:13631: $? = 0
configure:13640: result: yes
configure:13657: checking for dlopen in -ldl
configure:13682: gcc -std=gnu99 -o conftest -g -O2 -pthread   conftest.c -ldl   >&5
configure:13682: $? = 0
configure:13691: result: yes
configure:13708: checking for library containing initscr
configure:13739: gcc -std=gnu99 -o conftest -g -O2 -pthread   conftest.c  >&5
/tmp/ccVoc7jm.o: In function `main':
/home/ubuntu/lmc-packages/dependencies/varnish-3.0.5/conftest.c:42: undefined reference to `initscr'
collect2: error: ld returned 1 exit status
configure:13739: $? = 1
configure: failed program was:
| /* confdefs.h */
| #define PACKAGE_NAME "Varnish"
| #define PACKAGE_TARNAME "varnish"
| #define PACKAGE_VERSION "3.0.5"
| #define PACKAGE_STRING "Varnish 3.0.5"
| #define PACKAGE_BUGREPORT "varnish-dev@varnish-cache.org"
| #define PACKAGE_URL ""
| #define PACKAGE "varnish"
| #define VERSION "3.0.5"
| #define STDC_HEADERS 1
| #define HAVE_SYS_TYPES_H 1
| #define HAVE_SYS_STAT_H 1
| #define HAVE_STDLIB_H 1
| #define HAVE_STRING_H 1
| #define HAVE_MEMORY_H 1
| #define HAVE_STRINGS_H 1
| #define HAVE_INTTYPES_H 1
| #define HAVE_STDINT_H 1
| #define HAVE_UNISTD_H 1
| #define __EXTENSIONS__ 1
| #define _ALL_SOURCE 1
| #define _GNU_SOURCE 1
| #define _POSIX_PTHREAD_SEMANTICS 1
| #define _TANDEM_SOURCE 1
| #define HAVE_PTHREAD 1
| #define HAVE_DLFCN_H 1
| #define LT_OBJDIR ".libs/"
| #define HAVE_LIBRT 1
| #define HAVE_LIBDL 1
| /* end confdefs.h.  */
| 
| /* Override any GCC internal prototype to avoid an error.
|    Use char because int might match the return type of a GCC
|    builtin and then its argument prototype would still apply.  */
| #ifdef __cplusplus
| extern "C"
| #endif
| char initscr ();
| int
| main ()
| {
| return initscr ();
|   ;
|   return 0;
| }
configure:13739: gcc -std=gnu99 -o conftest -g -O2 -pthread   conftest.c -lcurses   >&5
/usr/bin/ld: cannot find -lcurses
collect2: error: ld returned 1 exit status
configure:13739: $? = 1
configure: failed program was:
| /* confdefs.h */
| #define PACKAGE_NAME "Varnish"
| #define PACKAGE_TARNAME "varnish"
| #define PACKAGE_VERSION "3.0.5"
| #define PACKAGE_STRING "Varnish 3.0.5"
| #define PACKAGE_BUGREPORT "varnish-dev@varnish-cache.org"
| #define PACKAGE_URL ""
| #define PACKAGE "varnish"
| #define VERSION "3.0.5"
| #define STDC_HEADERS 1
| #define HAVE_SYS_TYPES_H 1
| #define HAVE_SYS_STAT_H 1
| #define HAVE_STDLIB_H 1
| #define HAVE_STRING_H 1
| #define HAVE_MEMORY_H 1
| #define HAVE_STRINGS_H 1
| #define HAVE_INTTYPES_H 1
| #define HAVE_STDINT_H 1
| #define HAVE_UNISTD_H 1
| #define __EXTENSIONS__ 1
| #define _ALL_SOURCE 1
| #define _GNU_SOURCE 1
| #define _POSIX_PTHREAD_SEMANTICS 1
| #define _TANDEM_SOURCE 1
| #define HAVE_PTHREAD 1
| #define HAVE_DLFCN_H 1
| #define LT_OBJDIR ".libs/"
| #define HAVE_LIBRT 1
| #define HAVE_LIBDL 1
| /* end confdefs.h.  */
| 
| /* Override any GCC internal prototype to avoid an error.
|    Use char because int might match the return type of a GCC
|    builtin and then its argument prototype would still apply.  */
| #ifdef __cplusplus
| extern "C"
| #endif
| char initscr ();
| int
| main ()
| {
| return initscr ();
|   ;
|   return 0;
| }
configure:13739: gcc -std=gnu99 -o conftest -g -O2 -pthread   conftest.c -lncurses   >&5
/usr/bin/ld: cannot find -lncurses
collect2: error: ld returned 1 exit status
configure:13739: $? = 1
configure: failed program was:
| /* confdefs.h */
| #define PACKAGE_NAME "Varnish"
| #define PACKAGE_TARNAME "varnish"
| #define PACKAGE_VERSION "3.0.5"
| #define PACKAGE_STRING "Varnish 3.0.5"
| #define PACKAGE_BUGREPORT "varnish-dev@varnish-cache.org"
| #define PACKAGE_URL ""
| #define PACKAGE "varnish"
| #define VERSION "3.0.5"
| #define STDC_HEADERS 1
| #define HAVE_SYS_TYPES_H 1
| #define HAVE_SYS_STAT_H 1
| #define HAVE_STDLIB_H 1
| #define HAVE_STRING_H 1
| #define HAVE_MEMORY_H 1
| #define HAVE_STRINGS_H 1
| #define HAVE_INTTYPES_H 1
| #define HAVE_STDINT_H 1
| #define HAVE_UNISTD_H 1
| #define __EXTENSIONS__ 1
| #define _ALL_SOURCE 1
| #define _GNU_SOURCE 1
| #define _POSIX_PTHREAD_SEMANTICS 1
| #define _TANDEM_SOURCE 1
| #define HAVE_PTHREAD 1
| #define HAVE_DLFCN_H 1
| #define LT_OBJDIR ".libs/"
| #define HAVE_LIBRT 1
| #define HAVE_LIBDL 1
| /* end confdefs.h.  */
| 
| /* Override any GCC internal prototype to avoid an error.
|    Use char because int might match the return type of a GCC
|    builtin and then its argument prototype would still apply.  */
| #ifdef __cplusplus
| extern "C"
| #endif
| char initscr ();
| int
| main ()
| {
| return initscr ();
|   ;
|   return 0;
| }
configure:13756: result: no
configure:13770: WARNING: curses not found; some tools will not be built
configure:13776: checking ncurses/curses.h usability
configure:13776: gcc -std=gnu99 -c -g -O2 -pthread  conftest.c >&5
conftest.c:64:28: fatal error: ncurses/curses.h: No such file or directory
 #include <ncurses/curses.h>
                            ^
compilation terminated.
configure:13776: $? = 1
configure: failed program was:
| /* confdefs.h */
| #define PACKAGE_NAME "Varnish"
| #define PACKAGE_TARNAME "varnish"
| #define PACKAGE_VERSION "3.0.5"
| #define PACKAGE_STRING "Varnish 3.0.5"
| #define PACKAGE_BUGREPORT "varnish-dev@varnish-cache.org"
| #define PACKAGE_URL ""
| #define PACKAGE "varnish"
| #define VERSION "3.0.5"
| #define STDC_HEADERS 1
| #define HAVE_SYS_TYPES_H 1
| #define HAVE_SYS_STAT_H 1
| #define HAVE_STDLIB_H 1
| #define HAVE_STRING_H 1
| #define HAVE_MEMORY_H 1
| #define HAVE_STRINGS_H 1
| #define HAVE_INTTYPES_H 1
| #define HAVE_STDINT_H 1
| #define HAVE_UNISTD_H 1
| #define __EXTENSIONS__ 1
| #define _ALL_SOURCE 1
| #define _GNU_SOURCE 1
| #define _POSIX_PTHREAD_SEMANTICS 1
| #define _TANDEM_SOURCE 1
| #define HAVE_PTHREAD 1
| #define HAVE_DLFCN_H 1
| #define LT_OBJDIR ".libs/"
| #define HAVE_LIBRT 1
| #define HAVE_LIBDL 1
| /* end confdefs.h.  */
| #include <stdio.h>
| #ifdef HAVE_SYS_TYPES_H
| # include <sys/types.h>
| #endif
| #ifdef HAVE_SYS_STAT_H
| # include <sys/stat.h>
| #endif
| #ifdef STDC_HEADERS
| # include <stdlib.h>
| # include <stddef.h>
| #else
| # ifdef HAVE_STDLIB_H
| #  include <stdlib.h>
| # endif
| #endif
| #ifdef HAVE_STRING_H
| # if !defined STDC_HEADERS && defined HAVE_MEMORY_H
| #  include <memory.h>
| # endif
| # include <string.h>
| #endif
| #ifdef HAVE_STRINGS_H
| # include <strings.h>
| #endif
| #ifdef HAVE_INTTYPES_H
| # include <inttypes.h>
| #endif
| #ifdef HAVE_STDINT_H
| # include <stdint.h>
| #endif
| #ifdef HAVE_UNISTD_H
| # include <unistd.h>
| #endif
| #include <ncurses/curses.h>
configure:13776: result: no
configure:13776: checking ncurses/curses.h presence
configure:13776: gcc -E  conftest.c
conftest.c:31:28: fatal error: ncurses/curses.h: No such file or directory
 #include <ncurses/curses.h>
                            ^
compilation terminated.
configure:13776: $? = 1
configure: failed program was:
| /* confdefs.h */
| #define PACKAGE_NAME "Varnish"
| #define PACKAGE_TARNAME "varnish"
| #define PACKAGE_VERSION "3.0.5"
| #define PACKAGE_STRING "Varnish 3.0.5"
| #define PACKAGE_BUGREPORT "varnish-dev@varnish-cache.org"
| #define PACKAGE_URL ""
| #define PACKAGE "varnish"
| #define VERSION "3.0.5"
| #define STDC_HEADERS 1
| #define HAVE_SYS_TYPES_H 1
| #define HAVE_SYS_STAT_H 1
| #define HAVE_STDLIB_H 1
| #define HAVE_STRING_H 1
| #define HAVE_MEMORY_H 1
| #define HAVE_STRINGS_H 1
| #define HAVE_INTTYPES_H 1
| #define HAVE_STDINT_H 1
| #define HAVE_UNISTD_H 1
| #define __EXTENSIONS__ 1
| #define _ALL_SOURCE 1
| #define _GNU_SOURCE 1
| #define _POSIX_PTHREAD_SEMANTICS 1
| #define _TANDEM_SOURCE 1
| #define HAVE_PTHREAD 1
| #define HAVE_DLFCN_H 1
| #define LT_OBJDIR ".libs/"
| #define HAVE_LIBRT 1
| #define HAVE_LIBDL 1
| /* end confdefs.h.  */
| #include <ncurses/curses.h>
configure:13776: result: no
configure:13776: checking for ncurses/curses.h
configure:13776: result: no
configure:13776: checking curses.h usability
configure:13776: gcc -std=gnu99 -c -g -O2 -pthread  conftest.c >&5
conftest.c:64:20: fatal error: curses.h: No such file or directory
 #include <curses.h>
                    ^
compilation terminated.
configure:13776: $? = 1
configure: failed program was:
| /* confdefs.h */
| #define PACKAGE_NAME "Varnish"
| #define PACKAGE_TARNAME "varnish"
| #define PACKAGE_VERSION "3.0.5"
| #define PACKAGE_STRING "Varnish 3.0.5"
| #define PACKAGE_BUGREPORT "varnish-dev@varnish-cache.org"
| #define PACKAGE_URL ""
| #define PACKAGE "varnish"
| #define VERSION "3.0.5"
| #define STDC_HEADERS 1
| #define HAVE_SYS_TYPES_H 1
| #define HAVE_SYS_STAT_H 1
| #define HAVE_STDLIB_H 1
| #define HAVE_STRING_H 1
| #define HAVE_MEMORY_H 1
| #define HAVE_STRINGS_H 1
| #define HAVE_INTTYPES_H 1
| #define HAVE_STDINT_H 1
| #define HAVE_UNISTD_H 1
| #define __EXTENSIONS__ 1
| #define _ALL_SOURCE 1
| #define _GNU_SOURCE 1
| #define _POSIX_PTHREAD_SEMANTICS 1
| #define _TANDEM_SOURCE 1
| #define HAVE_PTHREAD 1
| #define HAVE_DLFCN_H 1
| #define LT_OBJDIR ".libs/"
| #define HAVE_LIBRT 1
| #define HAVE_LIBDL 1
| /* end confdefs.h.  */
| #include <stdio.h>
| #ifdef HAVE_SYS_TYPES_H
| # include <sys/types.h>
| #endif
| #ifdef HAVE_SYS_STAT_H
| # include <sys/stat.h>
| #endif
| #ifdef STDC_HEADERS
| # include <stdlib.h>
| # include <stddef.h>
| #else
| # ifdef HAVE_STDLIB_H
| #  include <stdlib.h>
| # endif
| #endif
| #ifdef HAVE_STRING_H
| # if !defined STDC_HEADERS && defined HAVE_MEMORY_H
| #  include <memory.h>
| # endif
| # include <string.h>
| #endif
| #ifdef HAVE_STRINGS_H
| # include <strings.h>
| #endif
| #ifdef HAVE_INTTYPES_H
| # include <inttypes.h>
| #endif
| #ifdef HAVE_STDINT_H
| # include <stdint.h>
| #endif
| #ifdef HAVE_UNISTD_H
| # include <unistd.h>
| #endif
| #include <curses.h>
configure:13776: result: no
configure:13776: checking curses.h presence
configure:13776: gcc -E  conftest.c
conftest.c:31:20: fatal error: curses.h: No such file or directory
 #include <curses.h>
                    ^
compilation terminated.
configure:13776: $? = 1
configure: failed program was:
| /* confdefs.h */
| #define PACKAGE_NAME "Varnish"
| #define PACKAGE_TARNAME "varnish"
| #define PACKAGE_VERSION "3.0.5"
| #define PACKAGE_STRING "Varnish 3.0.5"
| #define PACKAGE_BUGREPORT "varnish-dev@varnish-cache.org"
| #define PACKAGE_URL ""
| #define PACKAGE "varnish"
| #define VERSION "3.0.5"
| #define STDC_HEADERS 1
| #define HAVE_SYS_TYPES_H 1
| #define HAVE_SYS_STAT_H 1
| #define HAVE_STDLIB_H 1
| #define HAVE_STRING_H 1
| #define HAVE_MEMORY_H 1
| #define HAVE_STRINGS_H 1
| #define HAVE_INTTYPES_H 1
| #define HAVE_STDINT_H 1
| #define HAVE_UNISTD_H 1
| #define __EXTENSIONS__ 1
| #define _ALL_SOURCE 1
| #define _GNU_SOURCE 1
| #define _POSIX_PTHREAD_SEMANTICS 1
| #define _TANDEM_SOURCE 1
| #define HAVE_PTHREAD 1
| #define HAVE_DLFCN_H 1
| #define LT_OBJDIR ".libs/"
| #define HAVE_LIBRT 1
| #define HAVE_LIBDL 1
| /* end confdefs.h.  */
| #include <curses.h>
configure:13776: result: no
configure:13776: checking for curses.h
configure:13776: result: no
configure:13797: checking for library containing pthread_create
configure:13828: gcc -std=gnu99 -o conftest -g -O2 -pthread   conftest.c  >&5
configure:13828: $? = 0
configure:13845: result: none required
configure:13859: checking for socket in -lsocket
configure:13884: gcc -std=gnu99 -o conftest -g -O2 -pthread   conftest.c -lsocket   >&5
/usr/bin/ld: cannot find -lsocket
collect2: error: ld returned 1 exit status
configure:13884: $? = 1
configure: failed program was:
| /* confdefs.h */
| #define PACKAGE_NAME "Varnish"
| #define PACKAGE_TARNAME "varnish"
| #define PACKAGE_VERSION "3.0.5"
| #define PACKAGE_STRING "Varnish 3.0.5"
| #define PACKAGE_BUGREPORT "varnish-dev@varnish-cache.org"
| #define PACKAGE_URL ""
| #define PACKAGE "varnish"
| #define VERSION "3.0.5"
| #define STDC_HEADERS 1
| #define HAVE_SYS_TYPES_H 1
| #define HAVE_SYS_STAT_H 1
| #define HAVE_STDLIB_H 1
| #define HAVE_STRING_H 1
| #define HAVE_MEMORY_H 1
| #define HAVE_STRINGS_H 1
| #define HAVE_INTTYPES_H 1
| #define HAVE_STDINT_H 1
| #define HAVE_UNISTD_H 1
| #define __EXTENSIONS__ 1
| #define _ALL_SOURCE 1
| #define _GNU_SOURCE 1
| #define _POSIX_PTHREAD_SEMANTICS 1
| #define _TANDEM_SOURCE 1
| #define HAVE_PTHREAD 1
| #define HAVE_DLFCN_H 1
| #define LT_OBJDIR ".libs/"
| #define HAVE_LIBRT 1
| #define HAVE_LIBDL 1
| /* end confdefs.h.  */
| 
| /* Override any GCC internal prototype to avoid an error.
|    Use char because int might match the return type of a GCC
|    builtin and then its argument prototype would still apply.  */
| #ifdef __cplusplus
| extern "C"
| #endif
| char socket ();
| int
| main ()
| {
| return socket ();
|   ;
|   return 0;
| }
configure:13893: result: no
configure:13904: checking for getaddrinfo in -lnsl
configure:13929: gcc -std=gnu99 -o conftest -g -O2 -pthread   conftest.c -lnsl   >&5
configure:13929: $? = 0
configure:13938: result: yes
configure:14041: checking for cos in -lm
configure:14066: gcc -std=gnu99 -o conftest -g -O2 -pthread   conftest.c -lm    >&5
conftest.c:39:6: warning: conflicting types for built-in function 'cos' [enabled by default]
 char cos ();
      ^
configure:14066: $? = 0
configure:14075: result: yes
configure:14142: checking for pkg-config
configure:14160: found /usr/bin/pkg-config
configure:14172: result: /usr/bin/pkg-config
configure:14197: checking pkg-config is at least version 0.9.0
configure:14200: result: yes
configure:14211: checking for PCRE
configure:14218: $PKG_CONFIG --exists --print-errors "libpcre"
configure:14221: $? = 0
configure:14235: $PKG_CONFIG --exists --print-errors "libpcre"
configure:14238: $? = 0
configure:14296: result: yes
configure:14412: checking for LIBEDIT
configure:14419: $PKG_CONFIG --exists --print-errors "libedit"
Package libedit was not found in the pkg-config search path.
Perhaps you should add the directory containing `libedit.pc'
to the PKG_CONFIG_PATH environment variable
No package 'libedit' found
configure:14422: $? = 1
configure:14436: $PKG_CONFIG --exists --print-errors "libedit"
Package libedit was not found in the pkg-config search path.
Perhaps you should add the directory containing `libedit.pc'
to the PKG_CONFIG_PATH environment variable
No package 'libedit' found
configure:14439: $? = 1
configure:14453: result: no
No package 'libedit' found
configure:14470: checking for a readline compatible library
configure:14503: gcc -std=gnu99 -o conftest -g -O2 -pthread   conftest.c   -lreadline >&5
configure:14503: $? = 0
configure:14522: result: -lreadline
configure:14533: checking readline.h usability
configure:14533: gcc -std=gnu99 -c -g -O2 -pthread  conftest.c >&5
conftest.c:66:22: fatal error: readline.h: No such file or directory
 #include <readline.h>
                      ^
compilation terminated.
configure:14533: $? = 1
configure: failed program was:
| /* confdefs.h */
| #define PACKAGE_NAME "Varnish"
| #define PACKAGE_TARNAME "varnish"
| #define PACKAGE_VERSION "3.0.5"
| #define PACKAGE_STRING "Varnish 3.0.5"
| #define PACKAGE_BUGREPORT "varnish-dev@varnish-cache.org"
| #define PACKAGE_URL ""
| #define PACKAGE "varnish"
| #define VERSION "3.0.5"
| #define STDC_HEADERS 1
| #define HAVE_SYS_TYPES_H 1
| #define HAVE_SYS_STAT_H 1
| #define HAVE_STDLIB_H 1
| #define HAVE_STRING_H 1
| #define HAVE_MEMORY_H 1
| #define HAVE_STRINGS_H 1
| #define HAVE_INTTYPES_H 1
| #define HAVE_STDINT_H 1
| #define HAVE_UNISTD_H 1
| #define __EXTENSIONS__ 1
| #define _ALL_SOURCE 1
| #define _GNU_SOURCE 1
| #define _POSIX_PTHREAD_SEMANTICS 1
| #define _TANDEM_SOURCE 1
| #define HAVE_PTHREAD 1
| #define HAVE_DLFCN_H 1
| #define LT_OBJDIR ".libs/"
| #define HAVE_LIBRT 1
| #define HAVE_LIBDL 1
| #define HAVE_LIBNSL 1
| #define HAVE_LIBREADLINE 1
| /* end confdefs.h.  */
| #include <stdio.h>
| #ifdef HAVE_SYS_TYPES_H
| # include <sys/types.h>
| #endif
| #ifdef HAVE_SYS_STAT_H
| # include <sys/stat.h>
| #endif
| #ifdef STDC_HEADERS
| # include <stdlib.h>
| # include <stddef.h>
| #else
| # ifdef HAVE_STDLIB_H
| #  include <stdlib.h>
| # endif
| #endif
| #ifdef HAVE_STRING_H
| # if !defined STDC_HEADERS && defined HAVE_MEMORY_H
| #  include <memory.h>
| # endif
| # include <string.h>
| #endif
| #ifdef HAVE_STRINGS_H
| # include <strings.h>
| #endif
| #ifdef HAVE_INTTYPES_H
| # include <inttypes.h>
| #endif
| #ifdef HAVE_STDINT_H
| # include <stdint.h>
| #endif
| #ifdef HAVE_UNISTD_H
| # include <unistd.h>
| #endif
| #include <readline.h>
configure:14533: result: no
configure:14533: checking readline.h presence
configure:14533: gcc -E  conftest.c
conftest.c:33:22: fatal error: readline.h: No such file or directory
 #include <readline.h>
                      ^
compilation terminated.
configure:14533: $? = 1
configure: failed program was:
| /* confdefs.h */
| #define PACKAGE_NAME "Varnish"
| #define PACKAGE_TARNAME "varnish"
| #define PACKAGE_VERSION "3.0.5"
| #define PACKAGE_STRING "Varnish 3.0.5"
| #define PACKAGE_BUGREPORT "varnish-dev@varnish-cache.org"
| #define PACKAGE_URL ""
| #define PACKAGE "varnish"
| #define VERSION "3.0.5"
| #define STDC_HEADERS 1
| #define HAVE_SYS_TYPES_H 1
| #define HAVE_SYS_STAT_H 1
| #define HAVE_STDLIB_H 1
| #define HAVE_STRING_H 1
| #define HAVE_MEMORY_H 1
| #define HAVE_STRINGS_H 1
| #define HAVE_INTTYPES_H 1
| #define HAVE_STDINT_H 1
| #define HAVE_UNISTD_H 1
| #define __EXTENSIONS__ 1
| #define _ALL_SOURCE 1
| #define _GNU_SOURCE 1
| #define _POSIX_PTHREAD_SEMANTICS 1
| #define _TANDEM_SOURCE 1
| #define HAVE_PTHREAD 1
| #define HAVE_DLFCN_H 1
| #define LT_OBJDIR ".libs/"
| #define HAVE_LIBRT 1
| #define HAVE_LIBDL 1
| #define HAVE_LIBNSL 1
| #define HAVE_LIBREADLINE 1
| /* end confdefs.h.  */
| #include <readline.h>
configure:14533: result: no
configure:14533: checking for readline.h
configure:14533: result: no
configure:14533: checking readline/readline.h usability
configure:14533: gcc -std=gnu99 -c -g -O2 -pthread  conftest.c >&5
configure:14533: $? = 0
configure:14533: result: yes
configure:14533: checking readline/readline.h presence
configure:14533: gcc -E  conftest.c
configure:14533: $? = 0
configure:14533: result: yes
configure:14533: checking for readline/readline.h
configure:14533: result: yes
configure:14543: checking whether readline supports history
configure:14568: gcc -std=gnu99 -o conftest -g -O2 -pthread   conftest.c   -lreadline >&5
configure:14568: $? = 0
configure:14575: result: yes
configure:14584: checking history.h usability
configure:14584: gcc -std=gnu99 -c -g -O2 -pthread  conftest.c >&5
conftest.c:68:21: fatal error: history.h: No such file or directory
 #include <history.h>
                     ^
compilation terminated.
configure:14584: $? = 1
configure: failed program was:
| /* confdefs.h */
| #define PACKAGE_NAME "Varnish"
| #define PACKAGE_TARNAME "varnish"
| #define PACKAGE_VERSION "3.0.5"
| #define PACKAGE_STRING "Varnish 3.0.5"
| #define PACKAGE_BUGREPORT "varnish-dev@varnish-cache.org"
| #define PACKAGE_URL ""
| #define PACKAGE "varnish"
| #define VERSION "3.0.5"
| #define STDC_HEADERS 1
| #define HAVE_SYS_TYPES_H 1
| #define HAVE_SYS_STAT_H 1
| #define HAVE_STDLIB_H 1
| #define HAVE_STRING_H 1
| #define HAVE_MEMORY_H 1
| #define HAVE_STRINGS_H 1
| #define HAVE_INTTYPES_H 1
| #define HAVE_STDINT_H 1
| #define HAVE_UNISTD_H 1
| #define __EXTENSIONS__ 1
| #define _ALL_SOURCE 1
| #define _GNU_SOURCE 1
| #define _POSIX_PTHREAD_SEMANTICS 1
| #define _TANDEM_SOURCE 1
| #define HAVE_PTHREAD 1
| #define HAVE_DLFCN_H 1
| #define LT_OBJDIR ".libs/"
| #define HAVE_LIBRT 1
| #define HAVE_LIBDL 1
| #define HAVE_LIBNSL 1
| #define HAVE_LIBREADLINE 1
| #define HAVE_READLINE_READLINE_H 1
| #define HAVE_READLINE_HISTORY 1
| /* end confdefs.h.  */
| #include <stdio.h>
| #ifdef HAVE_SYS_TYPES_H
| # include <sys/types.h>
| #endif
| #ifdef HAVE_SYS_STAT_H
| # include <sys/stat.h>
| #endif
| #ifdef STDC_HEADERS
| # include <stdlib.h>
| # include <stddef.h>
| #else
| # ifdef HAVE_STDLIB_H
| #  include <stdlib.h>
| # endif
| #endif
| #ifdef HAVE_STRING_H
| # if !defined STDC_HEADERS && defined HAVE_MEMORY_H
| #  include <memory.h>
| # endif
| # include <string.h>
| #endif
| #ifdef HAVE_STRINGS_H
| # include <strings.h>
| #endif
| #ifdef HAVE_INTTYPES_H
| # include <inttypes.h>
| #endif
| #ifdef HAVE_STDINT_H
| # include <stdint.h>
| #endif
| #ifdef HAVE_UNISTD_H
| # include <unistd.h>
| #endif
| #include <history.h>
configure:14584: result: no
configure:14584: checking history.h presence
configure:14584: gcc -E  conftest.c
conftest.c:35:21: fatal error: history.h: No such file or directory
 #include <history.h>
                     ^
compilation terminated.
configure:14584: $? = 1
configure: failed program was:
| /* confdefs.h */
| #define PACKAGE_NAME "Varnish"
| #define PACKAGE_TARNAME "varnish"
| #define PACKAGE_VERSION "3.0.5"
| #define PACKAGE_STRING "Varnish 3.0.5"
| #define PACKAGE_BUGREPORT "varnish-dev@varnish-cache.org"
| #define PACKAGE_URL ""
| #define PACKAGE "varnish"
| #define VERSION "3.0.5"
| #define STDC_HEADERS 1
| #define HAVE_SYS_TYPES_H 1
| #define HAVE_SYS_STAT_H 1
| #define HAVE_STDLIB_H 1
| #define HAVE_STRING_H 1
| #define HAVE_MEMORY_H 1
| #define HAVE_STRINGS_H 1
| #define HAVE_INTTYPES_H 1
| #define HAVE_STDINT_H 1
| #define HAVE_UNISTD_H 1
| #define __EXTENSIONS__ 1
| #define _ALL_SOURCE 1
| #define _GNU_SOURCE 1
| #define _POSIX_PTHREAD_SEMANTICS 1
| #define _TANDEM_SOURCE 1
| #define HAVE_PTHREAD 1
| #define HAVE_DLFCN_H 1
| #define LT_OBJDIR ".libs/"
| #define HAVE_LIBRT 1
| #define HAVE_LIBDL 1
| #define HAVE_LIBNSL 1
| #define HAVE_LIBREADLINE 1
| #define HAVE_READLINE_READLINE_H 1
| #define HAVE_READLINE_HISTORY 1
| /* end confdefs.h.  */
| #include <history.h>
configure:14584: result: no
configure:14584: checking for history.h
configure:14584: result: no
configure:14584: checking readline/history.h usability
configure:14584: gcc -std=gnu99 -c -g -O2 -pthread  conftest.c >&5
configure:14584: $? = 0
configure:14584: result: yes
configure:14584: checking readline/history.h presence
configure:14584: gcc -E  conftest.c
configure:14584: $? = 0
configure:14584: result: yes
configure:14584: checking for readline/history.h
configure:14584: result: yes
configure:14742: checking for ANSI C header files
configure:14846: result: yes
configure:14854: checking for sys/wait.h that is POSIX.1 compatible
configure:14880: gcc -std=gnu99 -c -g -O2 -pthread  conftest.c >&5
configure:14880: $? = 0
configure:14887: result: yes
configure:14895: checking whether time.h and sys/time.h may both be included
configure:14915: gcc -std=gnu99 -c -g -O2 -pthread  conftest.c >&5
configure:14915: $? = 0
configure:14922: result: yes
configure:14932: checking sys/param.h usability
configure:14932: gcc -std=gnu99 -c -g -O2 -pthread  conftest.c >&5
configure:14932: $? = 0
configure:14932: result: yes
configure:14932: checking sys/param.h presence
configure:14932: gcc -E  conftest.c
configure:14932: $? = 0
configure:14932: result: yes
configure:14932: checking for sys/param.h
configure:14932: result: yes
configure:14944: checking for sys/types.h
configure:14944: result: yes
configure:14956: checking sys/endian.h usability
configure:14956: gcc -std=gnu99 -c -g -O2 -pthread  conftest.c >&5
conftest.c:74:24: fatal error: sys/endian.h: No such file or directory
 #include <sys/endian.h>
                        ^
compilation terminated.
configure:14956: $? = 1
configure: failed program was:
| /* confdefs.h */
| #define PACKAGE_NAME "Varnish"
| #define PACKAGE_TARNAME "varnish"
| #define PACKAGE_VERSION "3.0.5"
| #define PACKAGE_STRING "Varnish 3.0.5"
| #define PACKAGE_BUGREPORT "varnish-dev@varnish-cache.org"
| #define PACKAGE_URL ""
| #define PACKAGE "varnish"
| #define VERSION "3.0.5"
| #define STDC_HEADERS 1
| #define HAVE_SYS_TYPES_H 1
| #define HAVE_SYS_STAT_H 1
| #define HAVE_STDLIB_H 1
| #define HAVE_STRING_H 1
| #define HAVE_MEMORY_H 1
| #define HAVE_STRINGS_H 1
| #define HAVE_INTTYPES_H 1
| #define HAVE_STDINT_H 1
| #define HAVE_UNISTD_H 1
| #define __EXTENSIONS__ 1
| #define _ALL_SOURCE 1
| #define _GNU_SOURCE 1
| #define _POSIX_PTHREAD_SEMANTICS 1
| #define _TANDEM_SOURCE 1
| #define HAVE_PTHREAD 1
| #define HAVE_DLFCN_H 1
| #define LT_OBJDIR ".libs/"
| #define HAVE_LIBRT 1
| #define HAVE_LIBDL 1
| #define HAVE_LIBNSL 1
| #define HAVE_LIBREADLINE 1
| #define HAVE_READLINE_READLINE_H 1
| #define HAVE_READLINE_HISTORY 1
| #define HAVE_READLINE_HISTORY_H 1
| #define STDC_HEADERS 1
| #define HAVE_SYS_WAIT_H 1
| #define TIME_WITH_SYS_TIME 1
| #define HAVE_SYS_PARAM_H 1
| #define HAVE_SYS_TYPES_H 1
| /* end confdefs.h.  */
| #include <stdio.h>
| #ifdef HAVE_SYS_TYPES_H
| # include <sys/types.h>
| #endif
| #ifdef HAVE_SYS_STAT_H
| # include <sys/stat.h>
| #endif
| #ifdef STDC_HEADERS
| # include <stdlib.h>
| # include <stddef.h>
| #else
| # ifdef HAVE_STDLIB_H
| #  include <stdlib.h>
| # endif
| #endif
| #ifdef HAVE_STRING_H
| # if !defined STDC_HEADERS && defined HAVE_MEMORY_H
| #  include <memory.h>
| # endif
| # include <string.h>
| #endif
| #ifdef HAVE_STRINGS_H
| # include <strings.h>
| #endif
| #ifdef HAVE_INTTYPES_H
| # include <inttypes.h>
| #endif
| #ifdef HAVE_STDINT_H
| # include <stdint.h>
| #endif
| #ifdef HAVE_UNISTD_H
| # include <unistd.h>
| #endif
| #include <sys/endian.h>
configure:14956: result: no
configure:14956: checking sys/endian.h presence
configure:14956: gcc -E  conftest.c
conftest.c:41:24: fatal error: sys/endian.h: No such file or directory
 #include <sys/endian.h>
                        ^
compilation terminated.
configure:14956: $? = 1
configure: failed program was:
| /* confdefs.h */
| #define PACKAGE_NAME "Varnish"
| #define PACKAGE_TARNAME "varnish"
| #define PACKAGE_VERSION "3.0.5"
| #define PACKAGE_STRING "Varnish 3.0.5"
| #define PACKAGE_BUGREPORT "varnish-dev@varnish-cache.org"
| #define PACKAGE_URL ""
| #define PACKAGE "varnish"
| #define VERSION "3.0.5"
| #define STDC_HEADERS 1
| #define HAVE_SYS_TYPES_H 1
| #define HAVE_SYS_STAT_H 1
| #define HAVE_STDLIB_H 1
| #define HAVE_STRING_H 1
| #define HAVE_MEMORY_H 1
| #define HAVE_STRINGS_H 1
| #define HAVE_INTTYPES_H 1
| #define HAVE_STDINT_H 1
| #define HAVE_UNISTD_H 1
| #define __EXTENSIONS__ 1
| #define _ALL_SOURCE 1
| #define _GNU_SOURCE 1
| #define _POSIX_PTHREAD_SEMANTICS 1
| #define _TANDEM_SOURCE 1
| #define HAVE_PTHREAD 1
| #define HAVE_DLFCN_H 1
| #define LT_OBJDIR ".libs/"
| #define HAVE_LIBRT 1
| #define HAVE_LIBDL 1
| #define HAVE_LIBNSL 1
| #define HAVE_LIBREADLINE 1
| #define HAVE_READLINE_READLINE_H 1
| #define HAVE_READLINE_HISTORY 1
| #define HAVE_READLINE_HISTORY_H 1
| #define STDC_HEADERS 1
| #define HAVE_SYS_WAIT_H 1
| #define TIME_WITH_SYS_TIME 1
| #define HAVE_SYS_PARAM_H 1
| #define HAVE_SYS_TYPES_H 1
| /* end confdefs.h.  */
| #include <sys/endian.h>
configure:14956: result: no
configure:14956: checking for sys/endian.h
configure:14956: result: no
configure:14968: checking sys/filio.h usability
configure:14968: gcc -std=gnu99 -c -g -O2 -pthread  conftest.c >&5
conftest.c:74:23: fatal error: sys/filio.h: No such file or directory
 #include <sys/filio.h>
                       ^
compilation terminated.
configure:14968: $? = 1
configure: failed program was:
| /* confdefs.h */
| #define PACKAGE_NAME "Varnish"
| #define PACKAGE_TARNAME "varnish"
| #define PACKAGE_VERSION "3.0.5"
| #define PACKAGE_STRING "Varnish 3.0.5"
| #define PACKAGE_BUGREPORT "varnish-dev@varnish-cache.org"
| #define PACKAGE_URL ""
| #define PACKAGE "varnish"
| #define VERSION "3.0.5"
| #define STDC_HEADERS 1
| #define HAVE_SYS_TYPES_H 1
| #define HAVE_SYS_STAT_H 1
| #define HAVE_STDLIB_H 1
| #define HAVE_STRING_H 1
| #define HAVE_MEMORY_H 1
| #define HAVE_STRINGS_H 1
| #define HAVE_INTTYPES_H 1
| #define HAVE_STDINT_H 1
| #define HAVE_UNISTD_H 1
| #define __EXTENSIONS__ 1
| #define _ALL_SOURCE 1
| #define _GNU_SOURCE 1
| #define _POSIX_PTHREAD_SEMANTICS 1
| #define _TANDEM_SOURCE 1
| #define HAVE_PTHREAD 1
| #define HAVE_DLFCN_H 1
| #define LT_OBJDIR ".libs/"
| #define HAVE_LIBRT 1
| #define HAVE_LIBDL 1
| #define HAVE_LIBNSL 1
| #define HAVE_LIBREADLINE 1
| #define HAVE_READLINE_READLINE_H 1
| #define HAVE_READLINE_HISTORY 1
| #define HAVE_READLINE_HISTORY_H 1
| #define STDC_HEADERS 1
| #define HAVE_SYS_WAIT_H 1
| #define TIME_WITH_SYS_TIME 1
| #define HAVE_SYS_PARAM_H 1
| #define HAVE_SYS_TYPES_H 1
| /* end confdefs.h.  */
| #include <stdio.h>
| #ifdef HAVE_SYS_TYPES_H
| # include <sys/types.h>
| #endif
| #ifdef HAVE_SYS_STAT_H
| # include <sys/stat.h>
| #endif
| #ifdef STDC_HEADERS
| # include <stdlib.h>
| # include <stddef.h>
| #else
| # ifdef HAVE_STDLIB_H
| #  include <stdlib.h>
| # endif
| #endif
| #ifdef HAVE_STRING_H
| # if !defined STDC_HEADERS && defined HAVE_MEMORY_H
| #  include <memory.h>
| # endif
| # include <string.h>
| #endif
| #ifdef HAVE_STRINGS_H
| # include <strings.h>
| #endif
| #ifdef HAVE_INTTYPES_H
| # include <inttypes.h>
| #endif
| #ifdef HAVE_STDINT_H
| # include <stdint.h>
| #endif
| #ifdef HAVE_UNISTD_H
| # include <unistd.h>
| #endif
| #include <sys/filio.h>
configure:14968: result: no
configure:14968: checking sys/filio.h presence
configure:14968: gcc -E  conftest.c
conftest.c:41:23: fatal error: sys/filio.h: No such file or directory
 #include <sys/filio.h>
                       ^
compilation terminated.
configure:14968: $? = 1
configure: failed program was:
| /* confdefs.h */
| #define PACKAGE_NAME "Varnish"
| #define PACKAGE_TARNAME "varnish"
| #define PACKAGE_VERSION "3.0.5"
| #define PACKAGE_STRING "Varnish 3.0.5"
| #define PACKAGE_BUGREPORT "varnish-dev@varnish-cache.org"
| #define PACKAGE_URL ""
| #define PACKAGE "varnish"
| #define VERSION "3.0.5"
| #define STDC_HEADERS 1
| #define HAVE_SYS_TYPES_H 1
| #define HAVE_SYS_STAT_H 1
| #define HAVE_STDLIB_H 1
| #define HAVE_STRING_H 1
| #define HAVE_MEMORY_H 1
| #define HAVE_STRINGS_H 1
| #define HAVE_INTTYPES_H 1
| #define HAVE_STDINT_H 1
| #define HAVE_UNISTD_H 1
| #define __EXTENSIONS__ 1
| #define _ALL_SOURCE 1
| #define _GNU_SOURCE 1
| #define _POSIX_PTHREAD_SEMANTICS 1
| #define _TANDEM_SOURCE 1
| #define HAVE_PTHREAD 1
| #define HAVE_DLFCN_H 1
| #define LT_OBJDIR ".libs/"
| #define HAVE_LIBRT 1
| #define HAVE_LIBDL 1
| #define HAVE_LIBNSL 1
| #define HAVE_LIBREADLINE 1
| #define HAVE_READLINE_READLINE_H 1
| #define HAVE_READLINE_HISTORY 1
| #define HAVE_READLINE_HISTORY_H 1
| #define STDC_HEADERS 1
| #define HAVE_SYS_WAIT_H 1
| #define TIME_WITH_SYS_TIME 1
| #define HAVE_SYS_PARAM_H 1
| #define HAVE_SYS_TYPES_H 1
| /* end confdefs.h.  */
| #include <sys/filio.h>
configure:14968: result: no
configure:14968: checking for sys/filio.h
configure:14968: result: no
configure:14980: checking for sys/mount.h
configure:14980: gcc -std=gnu99 -c -g -O2 -pthread  conftest.c >&5
configure:14980: $? = 0
configure:14980: result: yes
configure:14993: checking sys/socket.h usability
configure:14993: gcc -std=gnu99 -c -g -O2 -pthread  conftest.c >&5
configure:14993: $? = 0
configure:14993: result: yes
configure:14993: checking sys/socket.h presence
configure:14993: gcc -E  conftest.c
configure:14993: $? = 0
configure:14993: result: yes
configure:14993: checking for sys/socket.h
configure:14993: result: yes
configure:15005: checking sys/statvfs.h usability
configure:15005: gcc -std=gnu99 -c -g -O2 -pthread  conftest.c >&5
configure:15005: $? = 0
configure:15005: result: yes
configure:15005: checking sys/statvfs.h presence
configure:15005: gcc -E  conftest.c
configure:15005: $? = 0
configure:15005: result: yes
configure:15005: checking for sys/statvfs.h
configure:15005: result: yes
configure:15017: checking sys/vfs.h usability
configure:15017: gcc -std=gnu99 -c -g -O2 -pthread  conftest.c >&5
configure:15017: $? = 0
configure:15017: result: yes
configure:15017: checking sys/vfs.h presence
configure:15017: gcc -E  conftest.c
configure:15017: $? = 0
configure:15017: result: yes
configure:15017: checking for sys/vfs.h
configure:15017: result: yes
configure:15029: checking endian.h usability
configure:15029: gcc -std=gnu99 -c -g -O2 -pthread  conftest.c >&5
configure:15029: $? = 0
configure:15029: result: yes
configure:15029: checking endian.h presence
configure:15029: gcc -E  conftest.c
configure:15029: $? = 0
configure:15029: result: yes
configure:15029: checking for endian.h
configure:15029: result: yes
configure:15041: checking execinfo.h usability
configure:15041: gcc -std=gnu99 -c -g -O2 -pthread  conftest.c >&5
configure:15041: $? = 0
configure:15041: result: yes
configure:15041: checking execinfo.h presence
configure:15041: gcc -E  conftest.c
configure:15041: $? = 0
configure:15041: result: yes
configure:15041: checking for execinfo.h
configure:15041: result: yes
configure:15053: checking netinet/in.h usability
configure:15053: gcc -std=gnu99 -c -g -O2 -pthread  conftest.c >&5
configure:15053: $? = 0
configure:15053: result: yes
configure:15053: checking netinet/in.h presence
configure:15053: gcc -E  conftest.c
configure:15053: $? = 0
configure:15053: result: yes
configure:15053: checking for netinet/in.h
configure:15053: result: yes
configure:15065: checking pthread_np.h usability
configure:15065: gcc -std=gnu99 -c -g -O2 -pthread  conftest.c >&5
conftest.c:81:24: fatal error: pthread_np.h: No such file or directory
 #include <pthread_np.h>
                        ^
compilation terminated.
configure:15065: $? = 1
configure: failed program was:
| /* confdefs.h */
| #define PACKAGE_NAME "Varnish"
| #define PACKAGE_TARNAME "varnish"
| #define PACKAGE_VERSION "3.0.5"
| #define PACKAGE_STRING "Varnish 3.0.5"
| #define PACKAGE_BUGREPORT "varnish-dev@varnish-cache.org"
| #define PACKAGE_URL ""
| #define PACKAGE "varnish"
| #define VERSION "3.0.5"
| #define STDC_HEADERS 1
| #define HAVE_SYS_TYPES_H 1
| #define HAVE_SYS_STAT_H 1
| #define HAVE_STDLIB_H 1
| #define HAVE_STRING_H 1
| #define HAVE_MEMORY_H 1
| #define HAVE_STRINGS_H 1
| #define HAVE_INTTYPES_H 1
| #define HAVE_STDINT_H 1
| #define HAVE_UNISTD_H 1
| #define __EXTENSIONS__ 1
| #define _ALL_SOURCE 1
| #define _GNU_SOURCE 1
| #define _POSIX_PTHREAD_SEMANTICS 1
| #define _TANDEM_SOURCE 1
| #define HAVE_PTHREAD 1
| #define HAVE_DLFCN_H 1
| #define LT_OBJDIR ".libs/"
| #define HAVE_LIBRT 1
| #define HAVE_LIBDL 1
| #define HAVE_LIBNSL 1
| #define HAVE_LIBREADLINE 1
| #define HAVE_READLINE_READLINE_H 1
| #define HAVE_READLINE_HISTORY 1
| #define HAVE_READLINE_HISTORY_H 1
| #define STDC_HEADERS 1
| #define HAVE_SYS_WAIT_H 1
| #define TIME_WITH_SYS_TIME 1
| #define HAVE_SYS_PARAM_H 1
| #define HAVE_SYS_TYPES_H 1
| #define HAVE_SYS_MOUNT_H 1
| #define HAVE_SYS_SOCKET_H 1
| #define HAVE_SYS_STATVFS_H 1
| #define HAVE_SYS_VFS_H 1
| #define HAVE_ENDIAN_H 1
| #define HAVE_EXECINFO_H 1
| #define HAVE_NETINET_IN_H 1
| /* end confdefs.h.  */
| #include <stdio.h>
| #ifdef HAVE_SYS_TYPES_H
| # include <sys/types.h>
| #endif
| #ifdef HAVE_SYS_STAT_H
| # include <sys/stat.h>
| #endif
| #ifdef STDC_HEADERS
| # include <stdlib.h>
| # include <stddef.h>
| #else
| # ifdef HAVE_STDLIB_H
| #  include <stdlib.h>
| # endif
| #endif
| #ifdef HAVE_STRING_H
| # if !defined STDC_HEADERS && defined HAVE_MEMORY_H
| #  include <memory.h>
| # endif
| # include <string.h>
| #endif
| #ifdef HAVE_STRINGS_H
| # include <strings.h>
| #endif
| #ifdef HAVE_INTTYPES_H
| # include <inttypes.h>
| #endif
| #ifdef HAVE_STDINT_H
| # include <stdint.h>
| #endif
| #ifdef HAVE_UNISTD_H
| # include <unistd.h>
| #endif
| #include <pthread_np.h>
configure:15065: result: no
configure:15065: checking pthread_np.h presence
configure:15065: gcc -E  conftest.c
conftest.c:48:24: fatal error: pthread_np.h: No such file or directory
 #include <pthread_np.h>
                        ^
compilation terminated.
configure:15065: $? = 1
configure: failed program was:
| /* confdefs.h */
| #define PACKAGE_NAME "Varnish"
| #define PACKAGE_TARNAME "varnish"
| #define PACKAGE_VERSION "3.0.5"
| #define PACKAGE_STRING "Varnish 3.0.5"
| #define PACKAGE_BUGREPORT "varnish-dev@varnish-cache.org"
| #define PACKAGE_URL ""
| #define PACKAGE "varnish"
| #define VERSION "3.0.5"
| #define STDC_HEADERS 1
| #define HAVE_SYS_TYPES_H 1
| #define HAVE_SYS_STAT_H 1
| #define HAVE_STDLIB_H 1
| #define HAVE_STRING_H 1
| #define HAVE_MEMORY_H 1
| #define HAVE_STRINGS_H 1
| #define HAVE_INTTYPES_H 1
| #define HAVE_STDINT_H 1
| #define HAVE_UNISTD_H 1
| #define __EXTENSIONS__ 1
| #define _ALL_SOURCE 1
| #define _GNU_SOURCE 1
| #define _POSIX_PTHREAD_SEMANTICS 1
| #define _TANDEM_SOURCE 1
| #define HAVE_PTHREAD 1
| #define HAVE_DLFCN_H 1
| #define LT_OBJDIR ".libs/"
| #define HAVE_LIBRT 1
| #define HAVE_LIBDL 1
| #define HAVE_LIBNSL 1
| #define HAVE_LIBREADLINE 1
| #define HAVE_READLINE_READLINE_H 1
| #define HAVE_READLINE_HISTORY 1
| #define HAVE_READLINE_HISTORY_H 1
| #define STDC_HEADERS 1
| #define HAVE_SYS_WAIT_H 1
| #define TIME_WITH_SYS_TIME 1
| #define HAVE_SYS_PARAM_H 1
| #define HAVE_SYS_TYPES_H 1
| #define HAVE_SYS_MOUNT_H 1
| #define HAVE_SYS_SOCKET_H 1
| #define HAVE_SYS_STATVFS_H 1
| #define HAVE_SYS_VFS_H 1
| #define HAVE_ENDIAN_H 1
| #define HAVE_EXECINFO_H 1
| #define HAVE_NETINET_IN_H 1
| /* end confdefs.h.  */
| #include <pthread_np.h>
configure:15065: result: no
configure:15065: checking for pthread_np.h
configure:15065: result: no
configure:15077: checking stddef.h usability
configure:15077: gcc -std=gnu99 -c -g -O2 -pthread  conftest.c >&5
configure:15077: $? = 0
configure:15077: result: yes
configure:15077: checking stddef.h presence
configure:15077: gcc -E  conftest.c
configure:15077: $? = 0
configure:15077: result: yes
configure:15077: checking for stddef.h
configure:15077: result: yes
configure:15089: checking for stdlib.h
configure:15089: result: yes
configure:15101: checking for unistd.h
configure:15101: result: yes
configure:15113: checking priv.h usability
configure:15113: gcc -std=gnu99 -c -g -O2 -pthread  conftest.c >&5
conftest.c:84:18: fatal error: priv.h: No such file or directory
 #include <priv.h>
                  ^
compilation terminated.
configure:15113: $? = 1
configure: failed program was:
| /* confdefs.h */
| #define PACKAGE_NAME "Varnish"
| #define PACKAGE_TARNAME "varnish"
| #define PACKAGE_VERSION "3.0.5"
| #define PACKAGE_STRING "Varnish 3.0.5"
| #define PACKAGE_BUGREPORT "varnish-dev@varnish-cache.org"
| #define PACKAGE_URL ""
| #define PACKAGE "varnish"
| #define VERSION "3.0.5"
| #define STDC_HEADERS 1
| #define HAVE_SYS_TYPES_H 1
| #define HAVE_SYS_STAT_H 1
| #define HAVE_STDLIB_H 1
| #define HAVE_STRING_H 1
| #define HAVE_MEMORY_H 1
| #define HAVE_STRINGS_H 1
| #define HAVE_INTTYPES_H 1
| #define HAVE_STDINT_H 1
| #define HAVE_UNISTD_H 1
| #define __EXTENSIONS__ 1
| #define _ALL_SOURCE 1
| #define _GNU_SOURCE 1
| #define _POSIX_PTHREAD_SEMANTICS 1
| #define _TANDEM_SOURCE 1
| #define HAVE_PTHREAD 1
| #define HAVE_DLFCN_H 1
| #define LT_OBJDIR ".libs/"
| #define HAVE_LIBRT 1
| #define HAVE_LIBDL 1
| #define HAVE_LIBNSL 1
| #define HAVE_LIBREADLINE 1
| #define HAVE_READLINE_READLINE_H 1
| #define HAVE_READLINE_HISTORY 1
| #define HAVE_READLINE_HISTORY_H 1
| #define STDC_HEADERS 1
| #define HAVE_SYS_WAIT_H 1
| #define TIME_WITH_SYS_TIME 1
| #define HAVE_SYS_PARAM_H 1
| #define HAVE_SYS_TYPES_H 1
| #define HAVE_SYS_MOUNT_H 1
| #define HAVE_SYS_SOCKET_H 1
| #define HAVE_SYS_STATVFS_H 1
| #define HAVE_SYS_VFS_H 1
| #define HAVE_ENDIAN_H 1
| #define HAVE_EXECINFO_H 1
| #define HAVE_NETINET_IN_H 1
| #define HAVE_STDDEF_H 1
| #define HAVE_STDLIB_H 1
| #define HAVE_UNISTD_H 1
| /* end confdefs.h.  */
| #include <stdio.h>
| #ifdef HAVE_SYS_TYPES_H
| # include <sys/types.h>
| #endif
| #ifdef HAVE_SYS_STAT_H
| # include <sys/stat.h>
| #endif
| #ifdef STDC_HEADERS
| # include <stdlib.h>
| # include <stddef.h>
| #else
| # ifdef HAVE_STDLIB_H
| #  include <stdlib.h>
| # endif
| #endif
| #ifdef HAVE_STRING_H
| # if !defined STDC_HEADERS && defined HAVE_MEMORY_H
| #  include <memory.h>
| # endif
| # include <string.h>
| #endif
| #ifdef HAVE_STRINGS_H
| # include <strings.h>
| #endif
| #ifdef HAVE_INTTYPES_H
| # include <inttypes.h>
| #endif
| #ifdef HAVE_STDINT_H
| # include <stdint.h>
| #endif
| #ifdef HAVE_UNISTD_H
| # include <unistd.h>
| #endif
| #include <priv.h>
configure:15113: result: no
configure:15113: checking priv.h presence
configure:15113: gcc -E  conftest.c
conftest.c:51:18: fatal error: priv.h: No such file or directory
 #include <priv.h>
                  ^
compilation terminated.
configure:15113: $? = 1
configure: failed program was:
| /* confdefs.h */
| #define PACKAGE_NAME "Varnish"
| #define PACKAGE_TARNAME "varnish"
| #define PACKAGE_VERSION "3.0.5"
| #define PACKAGE_STRING "Varnish 3.0.5"
| #define PACKAGE_BUGREPORT "varnish-dev@varnish-cache.org"
| #define PACKAGE_URL ""
| #define PACKAGE "varnish"
| #define VERSION "3.0.5"
| #define STDC_HEADERS 1
| #define HAVE_SYS_TYPES_H 1
| #define HAVE_SYS_STAT_H 1
| #define HAVE_STDLIB_H 1
| #define HAVE_STRING_H 1
| #define HAVE_MEMORY_H 1
| #define HAVE_STRINGS_H 1
| #define HAVE_INTTYPES_H 1
| #define HAVE_STDINT_H 1
| #define HAVE_UNISTD_H 1
| #define __EXTENSIONS__ 1
| #define _ALL_SOURCE 1
| #define _GNU_SOURCE 1
| #define _POSIX_PTHREAD_SEMANTICS 1
| #define _TANDEM_SOURCE 1
| #define HAVE_PTHREAD 1
| #define HAVE_DLFCN_H 1
| #define LT_OBJDIR ".libs/"
| #define HAVE_LIBRT 1
| #define HAVE_LIBDL 1
| #define HAVE_LIBNSL 1
| #define HAVE_LIBREADLINE 1
| #define HAVE_READLINE_READLINE_H 1
| #define HAVE_READLINE_HISTORY 1
| #define HAVE_READLINE_HISTORY_H 1
| #define STDC_HEADERS 1
| #define HAVE_SYS_WAIT_H 1
| #define TIME_WITH_SYS_TIME 1
| #define HAVE_SYS_PARAM_H 1
| #define HAVE_SYS_TYPES_H 1
| #define HAVE_SYS_MOUNT_H 1
| #define HAVE_SYS_SOCKET_H 1
| #define HAVE_SYS_STATVFS_H 1
| #define HAVE_SYS_VFS_H 1
| #define HAVE_ENDIAN_H 1
| #define HAVE_EXECINFO_H 1
| #define HAVE_NETINET_IN_H 1
| #define HAVE_STDDEF_H 1
| #define HAVE_STDLIB_H 1
| #define HAVE_UNISTD_H 1
| /* end confdefs.h.  */
| #include <priv.h>
configure:15113: result: no
configure:15113: checking for priv.h
configure:15113: result: no
configure:15125: checking for an ANSI C-conforming const
configure:15191: gcc -std=gnu99 -c -g -O2 -pthread  conftest.c >&5
configure:15191: $? = 0
configure:15198: result: yes
configure:15206: checking for struct sockaddr.sa_len
configure:15206: gcc -std=gnu99 -c -g -O2 -pthread  conftest.c >&5
conftest.c: In function 'main':
conftest.c:62:12: error: 'struct sockaddr' has no member named 'sa_len'
 if (ac_aggr.sa_len)
            ^
configure:15206: $? = 1
configure: failed program was:
| /* confdefs.h */
| #define PACKAGE_NAME "Varnish"
| #define PACKAGE_TARNAME "varnish"
| #define PACKAGE_VERSION "3.0.5"
| #define PACKAGE_STRING "Varnish 3.0.5"
| #define PACKAGE_BUGREPORT "varnish-dev@varnish-cache.org"
| #define PACKAGE_URL ""
| #define PACKAGE "varnish"
| #define VERSION "3.0.5"
| #define STDC_HEADERS 1
| #define HAVE_SYS_TYPES_H 1
| #define HAVE_SYS_STAT_H 1
| #define HAVE_STDLIB_H 1
| #define HAVE_STRING_H 1
| #define HAVE_MEMORY_H 1
| #define HAVE_STRINGS_H 1
| #define HAVE_INTTYPES_H 1
| #define HAVE_STDINT_H 1
| #define HAVE_UNISTD_H 1
| #define __EXTENSIONS__ 1
| #define _ALL_SOURCE 1
| #define _GNU_SOURCE 1
| #define _POSIX_PTHREAD_SEMANTICS 1
| #define _TANDEM_SOURCE 1
| #define HAVE_PTHREAD 1
| #define HAVE_DLFCN_H 1
| #define LT_OBJDIR ".libs/"
| #define HAVE_LIBRT 1
| #define HAVE_LIBDL 1
| #define HAVE_LIBNSL 1
| #define HAVE_LIBREADLINE 1
| #define HAVE_READLINE_READLINE_H 1
| #define HAVE_READLINE_HISTORY 1
| #define HAVE_READLINE_HISTORY_H 1
| #define STDC_HEADERS 1
| #define HAVE_SYS_WAIT_H 1
| #define TIME_WITH_SYS_TIME 1
| #define HAVE_SYS_PARAM_H 1
| #define HAVE_SYS_TYPES_H 1
| #define HAVE_SYS_MOUNT_H 1
| #define HAVE_SYS_SOCKET_H 1
| #define HAVE_SYS_STATVFS_H 1
| #define HAVE_SYS_VFS_H 1
| #define HAVE_ENDIAN_H 1
| #define HAVE_EXECINFO_H 1
| #define HAVE_NETINET_IN_H 1
| #define HAVE_STDDEF_H 1
| #define HAVE_STDLIB_H 1
| #define HAVE_UNISTD_H 1
| /* end confdefs.h.  */
| 
| #include <sys/types.h>
| #ifdef HAVE_SYS_SOCKET_H
| #include <sys/socket.h>
| #endif
| 
| 
| int
| main ()
| {
| static struct sockaddr ac_aggr;
| if (ac_aggr.sa_len)
| return 0;
|   ;
|   return 0;
| }
configure:15206: gcc -std=gnu99 -c -g -O2 -pthread  conftest.c >&5
conftest.c: In function 'main':
conftest.c:62:19: error: 'struct sockaddr' has no member named 'sa_len'
 if (sizeof ac_aggr.sa_len)
                   ^
configure:15206: $? = 1
configure: failed program was:
| /* confdefs.h */
| #define PACKAGE_NAME "Varnish"
| #define PACKAGE_TARNAME "varnish"
| #define PACKAGE_VERSION "3.0.5"
| #define PACKAGE_STRING "Varnish 3.0.5"
| #define PACKAGE_BUGREPORT "varnish-dev@varnish-cache.org"
| #define PACKAGE_URL ""
| #define PACKAGE "varnish"
| #define VERSION "3.0.5"
| #define STDC_HEADERS 1
| #define HAVE_SYS_TYPES_H 1
| #define HAVE_SYS_STAT_H 1
| #define HAVE_STDLIB_H 1
| #define HAVE_STRING_H 1
| #define HAVE_MEMORY_H 1
| #define HAVE_STRINGS_H 1
| #define HAVE_INTTYPES_H 1
| #define HAVE_STDINT_H 1
| #define HAVE_UNISTD_H 1
| #define __EXTENSIONS__ 1
| #define _ALL_SOURCE 1
| #define _GNU_SOURCE 1
| #define _POSIX_PTHREAD_SEMANTICS 1
| #define _TANDEM_SOURCE 1
| #define HAVE_PTHREAD 1
| #define HAVE_DLFCN_H 1
| #define LT_OBJDIR ".libs/"
| #define HAVE_LIBRT 1
| #define HAVE_LIBDL 1
| #define HAVE_LIBNSL 1
| #define HAVE_LIBREADLINE 1
| #define HAVE_READLINE_READLINE_H 1
| #define HAVE_READLINE_HISTORY 1
| #define HAVE_READLINE_HISTORY_H 1
| #define STDC_HEADERS 1
| #define HAVE_SYS_WAIT_H 1
| #define TIME_WITH_SYS_TIME 1
| #define HAVE_SYS_PARAM_H 1
| #define HAVE_SYS_TYPES_H 1
| #define HAVE_SYS_MOUNT_H 1
| #define HAVE_SYS_SOCKET_H 1
| #define HAVE_SYS_STATVFS_H 1
| #define HAVE_SYS_VFS_H 1
| #define HAVE_ENDIAN_H 1
| #define HAVE_EXECINFO_H 1
| #define HAVE_NETINET_IN_H 1
| #define HAVE_STDDEF_H 1
| #define HAVE_STDLIB_H 1
| #define HAVE_UNISTD_H 1
| /* end confdefs.h.  */
| 
| #include <sys/types.h>
| #ifdef HAVE_SYS_SOCKET_H
| #include <sys/socket.h>
| #endif
| 
| 
| int
| main ()
| {
| static struct sockaddr ac_aggr;
| if (sizeof ac_aggr.sa_len)
| return 0;
|   ;
|   return 0;
| }
configure:15206: result: no
configure:15224: checking return type of signal handlers
configure:15242: gcc -std=gnu99 -c -g -O2 -pthread  conftest.c >&5
conftest.c: In function 'main':
conftest.c:57:1: error: void value not ignored as it ought to be
 return *(signal (0, 0)) (0) == 1;
 ^
configure:15242: $? = 1
configure: failed program was:
| /* confdefs.h */
| #define PACKAGE_NAME "Varnish"
| #define PACKAGE_TARNAME "varnish"
| #define PACKAGE_VERSION "3.0.5"
| #define PACKAGE_STRING "Varnish 3.0.5"
| #define PACKAGE_BUGREPORT "varnish-dev@varnish-cache.org"
| #define PACKAGE_URL ""
| #define PACKAGE "varnish"
| #define VERSION "3.0.5"
| #define STDC_HEADERS 1
| #define HAVE_SYS_TYPES_H 1
| #define HAVE_SYS_STAT_H 1
| #define HAVE_STDLIB_H 1
| #define HAVE_STRING_H 1
| #define HAVE_MEMORY_H 1
| #define HAVE_STRINGS_H 1
| #define HAVE_INTTYPES_H 1
| #define HAVE_STDINT_H 1
| #define HAVE_UNISTD_H 1
| #define __EXTENSIONS__ 1
| #define _ALL_SOURCE 1
| #define _GNU_SOURCE 1
| #define _POSIX_PTHREAD_SEMANTICS 1
| #define _TANDEM_SOURCE 1
| #define HAVE_PTHREAD 1
| #define HAVE_DLFCN_H 1
| #define LT_OBJDIR ".libs/"
| #define HAVE_LIBRT 1
| #define HAVE_LIBDL 1
| #define HAVE_LIBNSL 1
| #define HAVE_LIBREADLINE 1
| #define HAVE_READLINE_READLINE_H 1
| #define HAVE_READLINE_HISTORY 1
| #define HAVE_READLINE_HISTORY_H 1
| #define STDC_HEADERS 1
| #define HAVE_SYS_WAIT_H 1
| #define TIME_WITH_SYS_TIME 1
| #define HAVE_SYS_PARAM_H 1
| #define HAVE_SYS_TYPES_H 1
| #define HAVE_SYS_MOUNT_H 1
| #define HAVE_SYS_SOCKET_H 1
| #define HAVE_SYS_STATVFS_H 1
| #define HAVE_SYS_VFS_H 1
| #define HAVE_ENDIAN_H 1
| #define HAVE_EXECINFO_H 1
| #define HAVE_NETINET_IN_H 1
| #define HAVE_STDDEF_H 1
| #define HAVE_STDLIB_H 1
| #define HAVE_UNISTD_H 1
| /* end confdefs.h.  */
| #include <sys/types.h>
| #include <signal.h>
| 
| int
| main ()
| {
| return *(signal (0, 0)) (0) == 1;
|   ;
|   return 0;
| }
configure:15249: result: void
configure:15257: checking for size_t
configure:15257: gcc -std=gnu99 -c -g -O2 -pthread  conftest.c >&5
configure:15257: $? = 0
configure:15257: gcc -std=gnu99 -c -g -O2 -pthread  conftest.c >&5
conftest.c: In function 'main':
conftest.c:88:21: error: expected expression before ')' token
 if (sizeof ((size_t)))
                     ^
configure:15257: $? = 1
configure: failed program was:
| /* confdefs.h */
| #define PACKAGE_NAME "Varnish"
| #define PACKAGE_TARNAME "varnish"
| #define PACKAGE_VERSION "3.0.5"
| #define PACKAGE_STRING "Varnish 3.0.5"
| #define PACKAGE_BUGREPORT "varnish-dev@varnish-cache.org"
| #define PACKAGE_URL ""
| #define PACKAGE "varnish"
| #define VERSION "3.0.5"
| #define STDC_HEADERS 1
| #define HAVE_SYS_TYPES_H 1
| #define HAVE_SYS_STAT_H 1
| #define HAVE_STDLIB_H 1
| #define HAVE_STRING_H 1
| #define HAVE_MEMORY_H 1
| #define HAVE_STRINGS_H 1
| #define HAVE_INTTYPES_H 1
| #define HAVE_STDINT_H 1
| #define HAVE_UNISTD_H 1
| #define __EXTENSIONS__ 1
| #define _ALL_SOURCE 1
| #define _GNU_SOURCE 1
| #define _POSIX_PTHREAD_SEMANTICS 1
| #define _TANDEM_SOURCE 1
| #define HAVE_PTHREAD 1
| #define HAVE_DLFCN_H 1
| #define LT_OBJDIR ".libs/"
| #define HAVE_LIBRT 1
| #define HAVE_LIBDL 1
| #define HAVE_LIBNSL 1
| #define HAVE_LIBREADLINE 1
| #define HAVE_READLINE_READLINE_H 1
| #define HAVE_READLINE_HISTORY 1
| #define HAVE_READLINE_HISTORY_H 1
| #define STDC_HEADERS 1
| #define HAVE_SYS_WAIT_H 1
| #define TIME_WITH_SYS_TIME 1
| #define HAVE_SYS_PARAM_H 1
| #define HAVE_SYS_TYPES_H 1
| #define HAVE_SYS_MOUNT_H 1
| #define HAVE_SYS_SOCKET_H 1
| #define HAVE_SYS_STATVFS_H 1
| #define HAVE_SYS_VFS_H 1
| #define HAVE_ENDIAN_H 1
| #define HAVE_EXECINFO_H 1
| #define HAVE_NETINET_IN_H 1
| #define HAVE_STDDEF_H 1
| #define HAVE_STDLIB_H 1
| #define HAVE_UNISTD_H 1
| #define RETSIGTYPE void
| /* end confdefs.h.  */
| #include <stdio.h>
| #ifdef HAVE_SYS_TYPES_H
| # include <sys/types.h>
| #endif
| #ifdef HAVE_SYS_STAT_H
| # include <sys/stat.h>
| #endif
| #ifdef STDC_HEADERS
| # include <stdlib.h>
| # include <stddef.h>
| #else
| # ifdef HAVE_STDLIB_H
| #  include <stdlib.h>
| # endif
| #endif
| #ifdef HAVE_STRING_H
| # if !defined STDC_HEADERS && defined HAVE_MEMORY_H
| #  include <memory.h>
| # endif
| # include <string.h>
| #endif
| #ifdef HAVE_STRINGS_H
| # include <strings.h>
| #endif
| #ifdef HAVE_INTTYPES_H
| # include <inttypes.h>
| #endif
| #ifdef HAVE_STDINT_H
| # include <stdint.h>
| #endif
| #ifdef HAVE_UNISTD_H
| # include <unistd.h>
| #endif
| int
| main ()
| {
| if (sizeof ((size_t)))
| 	    return 0;
|   ;
|   return 0;
| }
configure:15257: result: yes
configure:15270: checking for vprintf
configure:15270: gcc -std=gnu99 -o conftest -g -O2 -pthread   conftest.c   -lreadline >&5
conftest.c:75:6: warning: conflicting types for built-in function 'vprintf' [enabled by default]
 char vprintf ();
      ^
configure:15270: $? = 0
configure:15270: result: yes
configure:15276: checking for _doprnt
configure:15276: gcc -std=gnu99 -o conftest -g -O2 -pthread   conftest.c   -lreadline >&5
/tmp/ccUvSVpL.o: In function `main':
/home/ubuntu/lmc-packages/dependencies/varnish-3.0.5/conftest.c:87: undefined reference to `_doprnt'
collect2: error: ld returned 1 exit status
configure:15276: $? = 1
configure: failed program was:
| /* confdefs.h */
| #define PACKAGE_NAME "Varnish"
| #define PACKAGE_TARNAME "varnish"
| #define PACKAGE_VERSION "3.0.5"
| #define PACKAGE_STRING "Varnish 3.0.5"
| #define PACKAGE_BUGREPORT "varnish-dev@varnish-cache.org"
| #define PACKAGE_URL ""
| #define PACKAGE "varnish"
| #define VERSION "3.0.5"
| #define STDC_HEADERS 1
| #define HAVE_SYS_TYPES_H 1
| #define HAVE_SYS_STAT_H 1
| #define HAVE_STDLIB_H 1
| #define HAVE_STRING_H 1
| #define HAVE_MEMORY_H 1
| #define HAVE_STRINGS_H 1
| #define HAVE_INTTYPES_H 1
| #define HAVE_STDINT_H 1
| #define HAVE_UNISTD_H 1
| #define __EXTENSIONS__ 1
| #define _ALL_SOURCE 1
| #define _GNU_SOURCE 1
| #define _POSIX_PTHREAD_SEMANTICS 1
| #define _TANDEM_SOURCE 1
| #define HAVE_PTHREAD 1
| #define HAVE_DLFCN_H 1
| #define LT_OBJDIR ".libs/"
| #define HAVE_LIBRT 1
| #define HAVE_LIBDL 1
| #define HAVE_LIBNSL 1
| #define HAVE_LIBREADLINE 1
| #define HAVE_READLINE_READLINE_H 1
| #define HAVE_READLINE_HISTORY 1
| #define HAVE_READLINE_HISTORY_H 1
| #define STDC_HEADERS 1
| #define HAVE_SYS_WAIT_H 1
| #define TIME_WITH_SYS_TIME 1
| #define HAVE_SYS_PARAM_H 1
| #define HAVE_SYS_TYPES_H 1
| #define HAVE_SYS_MOUNT_H 1
| #define HAVE_SYS_SOCKET_H 1
| #define HAVE_SYS_STATVFS_H 1
| #define HAVE_SYS_VFS_H 1
| #define HAVE_ENDIAN_H 1
| #define HAVE_EXECINFO_H 1
| #define HAVE_NETINET_IN_H 1
| #define HAVE_STDDEF_H 1
| #define HAVE_STDLIB_H 1
| #define HAVE_UNISTD_H 1
| #define RETSIGTYPE void
| #define HAVE_VPRINTF 1
| /* end confdefs.h.  */
| /* Define _doprnt to an innocuous variant, in case <limits.h> declares _doprnt.
|    For example, HP-UX 11i <limits.h> declares gettimeofday.  */
| #define _doprnt innocuous__doprnt
| 
| /* System header to define __stub macros and hopefully few prototypes,
|     which can conflict with char _doprnt (); below.
|     Prefer <limits.h> to <assert.h> if __STDC__ is defined, since
|     <limits.h> exists even on freestanding compilers.  */
| 
| #ifdef __STDC__
| # include <limits.h>
| #else
| # include <assert.h>
| #endif
| 
| #undef _doprnt
| 
| /* Override any GCC internal prototype to avoid an error.
|    Use char because int might match the return type of a GCC
|    builtin and then its argument prototype would still apply.  */
| #ifdef __cplusplus
| extern "C"
| #endif
| char _doprnt ();
| /* The GNU C library defines this for functions which it implements
|     to always fail with ENOSYS.  Some functions are actually named
|     something starting with __ and the normal name is an alias.  */
| #if defined __stub__doprnt || defined __stub____doprnt
| choke me
| #endif
| 
| int
| main ()
| {
| return _doprnt ();
|   ;
|   return 0;
| }
configure:15276: result: no
configure:15289: checking for strerror
configure:15289: gcc -std=gnu99 -o conftest -g -O2 -pthread   conftest.c   -lreadline >&5
configure:15289: $? = 0
configure:15289: result: yes
configure:15298: checking whether strerror_r is declared
configure:15298: gcc -std=gnu99 -c -g -O2 -pthread  conftest.c >&5
configure:15298: $? = 0
configure:15298: result: yes
configure:15311: checking for strerror_r
configure:15311: gcc -std=gnu99 -o conftest -g -O2 -pthread   conftest.c   -lreadline >&5
configure:15311: $? = 0
configure:15311: result: yes
configure:15320: checking whether strerror_r returns char *
configure:15344: gcc -std=gnu99 -c -g -O2 -pthread  conftest.c >&5
configure:15344: $? = 0
configure:15382: result: yes
configure:15392: checking for dladdr
configure:15392: gcc -std=gnu99 -o conftest -g -O2 -pthread   conftest.c   -lreadline >&5
/tmp/cc1vRXh3.o: In function `main':
/home/ubuntu/lmc-packages/dependencies/varnish-3.0.5/conftest.c:91: undefined reference to `dladdr'
collect2: error: ld returned 1 exit status
configure:15392: $? = 1
configure: failed program was:
| /* confdefs.h */
| #define PACKAGE_NAME "Varnish"
| #define PACKAGE_TARNAME "varnish"
| #define PACKAGE_VERSION "3.0.5"
| #define PACKAGE_STRING "Varnish 3.0.5"
| #define PACKAGE_BUGREPORT "varnish-dev@varnish-cache.org"
| #define PACKAGE_URL ""
| #define PACKAGE "varnish"
| #define VERSION "3.0.5"
| #define STDC_HEADERS 1
| #define HAVE_SYS_TYPES_H 1
| #define HAVE_SYS_STAT_H 1
| #define HAVE_STDLIB_H 1
| #define HAVE_STRING_H 1
| #define HAVE_MEMORY_H 1
| #define HAVE_STRINGS_H 1
| #define HAVE_INTTYPES_H 1
| #define HAVE_STDINT_H 1
| #define HAVE_UNISTD_H 1
| #define __EXTENSIONS__ 1
| #define _ALL_SOURCE 1
| #define _GNU_SOURCE 1
| #define _POSIX_PTHREAD_SEMANTICS 1
| #define _TANDEM_SOURCE 1
| #define HAVE_PTHREAD 1
| #define HAVE_DLFCN_H 1
| #define LT_OBJDIR ".libs/"
| #define HAVE_LIBRT 1
| #define HAVE_LIBDL 1
| #define HAVE_LIBNSL 1
| #define HAVE_LIBREADLINE 1
| #define HAVE_READLINE_READLINE_H 1
| #define HAVE_READLINE_HISTORY 1
| #define HAVE_READLINE_HISTORY_H 1
| #define STDC_HEADERS 1
| #define HAVE_SYS_WAIT_H 1
| #define TIME_WITH_SYS_TIME 1
| #define HAVE_SYS_PARAM_H 1
| #define HAVE_SYS_TYPES_H 1
| #define HAVE_SYS_MOUNT_H 1
| #define HAVE_SYS_SOCKET_H 1
| #define HAVE_SYS_STATVFS_H 1
| #define HAVE_SYS_VFS_H 1
| #define HAVE_ENDIAN_H 1
| #define HAVE_EXECINFO_H 1
| #define HAVE_NETINET_IN_H 1
| #define HAVE_STDDEF_H 1
| #define HAVE_STDLIB_H 1
| #define HAVE_UNISTD_H 1
| #define RETSIGTYPE void
| #define HAVE_VPRINTF 1
| #define HAVE_STRERROR 1
| #define HAVE_DECL_STRERROR_R 1
| #define HAVE_STRERROR_R 1
| #define STRERROR_R_CHAR_P 1
| /* end confdefs.h.  */
| /* Define dladdr to an innocuous variant, in case <limits.h> declares dladdr.
|    For example, HP-UX 11i <limits.h> declares gettimeofday.  */
| #define dladdr innocuous_dladdr
| 
| /* System header to define __stub macros and hopefully few prototypes,
|     which can conflict with char dladdr (); below.
|     Prefer <limits.h> to <assert.h> if __STDC__ is defined, since
|     <limits.h> exists even on freestanding compilers.  */
| 
| #ifdef __STDC__
| # include <limits.h>
| #else
| # include <assert.h>
| #endif
| 
| #undef dladdr
| 
| /* Override any GCC internal prototype to avoid an error.
|    Use char because int might match the return type of a GCC
|    builtin and then its argument prototype would still apply.  */
| #ifdef __cplusplus
| extern "C"
| #endif
| char dladdr ();
| /* The GNU C library defines this for functions which it implements
|     to always fail with ENOSYS.  Some functions are actually named
|     something starting with __ and the normal name is an alias.  */
| #if defined __stub_dladdr || defined __stub___dladdr
| choke me
| #endif
| 
| int
| main ()
| {
| return dladdr ();
|   ;
|   return 0;
| }
configure:15392: result: no
configure:15403: checking for socket
configure:15403: gcc -std=gnu99 -o conftest -g -O2 -pthread   conftest.c   -lreadline >&5
configure:15403: $? = 0
configure:15403: result: yes
configure:15414: checking for strptime
configure:15414: gcc -std=gnu99 -o conftest -g -O2 -pthread   conftest.c   -lreadline >&5
configure:15414: $? = 0
configure:15414: result: yes
configure:15425: checking for fmtcheck
configure:15425: gcc -std=gnu99 -o conftest -g -O2 -pthread   conftest.c   -lreadline >&5
/tmp/cchgicSl.o: In function `main':
/home/ubuntu/lmc-packages/dependencies/varnish-3.0.5/conftest.c:93: undefined reference to `fmtcheck'
collect2: error: ld returned 1 exit status
configure:15425: $? = 1
configure: failed program was:
| /* confdefs.h */
| #define PACKAGE_NAME "Varnish"
| #define PACKAGE_TARNAME "varnish"
| #define PACKAGE_VERSION "3.0.5"
| #define PACKAGE_STRING "Varnish 3.0.5"
| #define PACKAGE_BUGREPORT "varnish-dev@varnish-cache.org"
| #define PACKAGE_URL ""
| #define PACKAGE "varnish"
| #define VERSION "3.0.5"
| #define STDC_HEADERS 1
| #define HAVE_SYS_TYPES_H 1
| #define HAVE_SYS_STAT_H 1
| #define HAVE_STDLIB_H 1
| #define HAVE_STRING_H 1
| #define HAVE_MEMORY_H 1
| #define HAVE_STRINGS_H 1
| #define HAVE_INTTYPES_H 1
| #define HAVE_STDINT_H 1
| #define HAVE_UNISTD_H 1
| #define __EXTENSIONS__ 1
| #define _ALL_SOURCE 1
| #define _GNU_SOURCE 1
| #define _POSIX_PTHREAD_SEMANTICS 1
| #define _TANDEM_SOURCE 1
| #define HAVE_PTHREAD 1
| #define HAVE_DLFCN_H 1
| #define LT_OBJDIR ".libs/"
| #define HAVE_LIBRT 1
| #define HAVE_LIBDL 1
| #define HAVE_LIBNSL 1
| #define HAVE_LIBREADLINE 1
| #define HAVE_READLINE_READLINE_H 1
| #define HAVE_READLINE_HISTORY 1
| #define HAVE_READLINE_HISTORY_H 1
| #define STDC_HEADERS 1
| #define HAVE_SYS_WAIT_H 1
| #define TIME_WITH_SYS_TIME 1
| #define HAVE_SYS_PARAM_H 1
| #define HAVE_SYS_TYPES_H 1
| #define HAVE_SYS_MOUNT_H 1
| #define HAVE_SYS_SOCKET_H 1
| #define HAVE_SYS_STATVFS_H 1
| #define HAVE_SYS_VFS_H 1
| #define HAVE_ENDIAN_H 1
| #define HAVE_EXECINFO_H 1
| #define HAVE_NETINET_IN_H 1
| #define HAVE_STDDEF_H 1
| #define HAVE_STDLIB_H 1
| #define HAVE_UNISTD_H 1
| #define RETSIGTYPE void
| #define HAVE_VPRINTF 1
| #define HAVE_STRERROR 1
| #define HAVE_DECL_STRERROR_R 1
| #define HAVE_STRERROR_R 1
| #define STRERROR_R_CHAR_P 1
| #define HAVE_SOCKET 1
| #define HAVE_STRPTIME 1
| /* end confdefs.h.  */
| /* Define fmtcheck to an innocuous variant, in case <limits.h> declares fmtcheck.
|    For example, HP-UX 11i <limits.h> declares gettimeofday.  */
| #define fmtcheck innocuous_fmtcheck
| 
| /* System header to define __stub macros and hopefully few prototypes,
|     which can conflict with char fmtcheck (); below.
|     Prefer <limits.h> to <assert.h> if __STDC__ is defined, since
|     <limits.h> exists even on freestanding compilers.  */
| 
| #ifdef __STDC__
| # include <limits.h>
| #else
| # include <assert.h>
| #endif
| 
| #undef fmtcheck
| 
| /* Override any GCC internal prototype to avoid an error.
|    Use char because int might match the return type of a GCC
|    builtin and then its argument prototype would still apply.  */
| #ifdef __cplusplus
| extern "C"
| #endif
| char fmtcheck ();
| /* The GNU C library defines this for functions which it implements
|     to always fail with ENOSYS.  Some functions are actually named
|     something starting with __ and the normal name is an alias.  */
| #if defined __stub_fmtcheck || defined __stub___fmtcheck
| choke me
| #endif
| 
| int
| main ()
| {
| return fmtcheck ();
|   ;
|   return 0;
| }
configure:15425: result: no
configure:15436: checking for getdtablesize
configure:15436: gcc -std=gnu99 -o conftest -g -O2 -pthread   conftest.c   -lreadline >&5
configure:15436: $? = 0
configure:15436: result: yes
configure:15447: checking for abort2
configure:15447: gcc -std=gnu99 -o conftest -g -O2 -pthread   conftest.c   -lreadline >&5
/tmp/ccJQnTzx.o: In function `main':
/home/ubuntu/lmc-packages/dependencies/varnish-3.0.5/conftest.c:94: undefined reference to `abort2'
collect2: error: ld returned 1 exit status
configure:15447: $? = 1
configure: failed program was:
| /* confdefs.h */
| #define PACKAGE_NAME "Varnish"
| #define PACKAGE_TARNAME "varnish"
| #define PACKAGE_VERSION "3.0.5"
| #define PACKAGE_STRING "Varnish 3.0.5"
| #define PACKAGE_BUGREPORT "varnish-dev@varnish-cache.org"
| #define PACKAGE_URL ""
| #define PACKAGE "varnish"
| #define VERSION "3.0.5"
| #define STDC_HEADERS 1
| #define HAVE_SYS_TYPES_H 1
| #define HAVE_SYS_STAT_H 1
| #define HAVE_STDLIB_H 1
| #define HAVE_STRING_H 1
| #define HAVE_MEMORY_H 1
| #define HAVE_STRINGS_H 1
| #define HAVE_INTTYPES_H 1
| #define HAVE_STDINT_H 1
| #define HAVE_UNISTD_H 1
| #define __EXTENSIONS__ 1
| #define _ALL_SOURCE 1
| #define _GNU_SOURCE 1
| #define _POSIX_PTHREAD_SEMANTICS 1
| #define _TANDEM_SOURCE 1
| #define HAVE_PTHREAD 1
| #define HAVE_DLFCN_H 1
| #define LT_OBJDIR ".libs/"
| #define HAVE_LIBRT 1
| #define HAVE_LIBDL 1
| #define HAVE_LIBNSL 1
| #define HAVE_LIBREADLINE 1
| #define HAVE_READLINE_READLINE_H 1
| #define HAVE_READLINE_HISTORY 1
| #define HAVE_READLINE_HISTORY_H 1
| #define STDC_HEADERS 1
| #define HAVE_SYS_WAIT_H 1
| #define TIME_WITH_SYS_TIME 1
| #define HAVE_SYS_PARAM_H 1
| #define HAVE_SYS_TYPES_H 1
| #define HAVE_SYS_MOUNT_H 1
| #define HAVE_SYS_SOCKET_H 1
| #define HAVE_SYS_STATVFS_H 1
| #define HAVE_SYS_VFS_H 1
| #define HAVE_ENDIAN_H 1
| #define HAVE_EXECINFO_H 1
| #define HAVE_NETINET_IN_H 1
| #define HAVE_STDDEF_H 1
| #define HAVE_STDLIB_H 1
| #define HAVE_UNISTD_H 1
| #define RETSIGTYPE void
| #define HAVE_VPRINTF 1
| #define HAVE_STRERROR 1
| #define HAVE_DECL_STRERROR_R 1
| #define HAVE_STRERROR_R 1
| #define STRERROR_R_CHAR_P 1
| #define HAVE_SOCKET 1
| #define HAVE_STRPTIME 1
| #define HAVE_GETDTABLESIZE 1
| /* end confdefs.h.  */
| /* Define abort2 to an innocuous variant, in case <limits.h> declares abort2.
|    For example, HP-UX 11i <limits.h> declares gettimeofday.  */
| #define abort2 innocuous_abort2
| 
| /* System header to define __stub macros and hopefully few prototypes,
|     which can conflict with char abort2 (); below.
|     Prefer <limits.h> to <assert.h> if __STDC__ is defined, since
|     <limits.h> exists even on freestanding compilers.  */
| 
| #ifdef __STDC__
| # include <limits.h>
| #else
| # include <assert.h>
| #endif
| 
| #undef abort2
| 
| /* Override any GCC internal prototype to avoid an error.
|    Use char because int might match the return type of a GCC
|    builtin and then its argument prototype would still apply.  */
| #ifdef __cplusplus
| extern "C"
| #endif
| char abort2 ();
| /* The GNU C library defines this for functions which it implements
|     to always fail with ENOSYS.  Some functions are actually named
|     something starting with __ and the normal name is an alias.  */
| #if defined __stub_abort2 || defined __stub___abort2
| choke me
| #endif
| 
| int
| main ()
| {
| return abort2 ();
|   ;
|   return 0;
| }
configure:15447: result: no
configure:15458: checking for timegm
configure:15458: gcc -std=gnu99 -o conftest -g -O2 -pthread   conftest.c   -lreadline >&5
configure:15458: $? = 0
configure:15458: result: yes
configure:15469: checking for nanosleep
configure:15469: gcc -std=gnu99 -o conftest -g -O2 -pthread   conftest.c   -lreadline >&5
configure:15469: $? = 0
configure:15469: result: yes
configure:15480: checking for setppriv
configure:15480: gcc -std=gnu99 -o conftest -g -O2 -pthread   conftest.c   -lreadline >&5
/tmp/ccnkBa9L.o: In function `main':
/home/ubuntu/lmc-packages/dependencies/varnish-3.0.5/conftest.c:96: undefined reference to `setppriv'
collect2: error: ld returned 1 exit status
configure:15480: $? = 1
configure: failed program was:
| /* confdefs.h */
| #define PACKAGE_NAME "Varnish"
| #define PACKAGE_TARNAME "varnish"
| #define PACKAGE_VERSION "3.0.5"
| #define PACKAGE_STRING "Varnish 3.0.5"
| #define PACKAGE_BUGREPORT "varnish-dev@varnish-cache.org"
| #define PACKAGE_URL ""
| #define PACKAGE "varnish"
| #define VERSION "3.0.5"
| #define STDC_HEADERS 1
| #define HAVE_SYS_TYPES_H 1
| #define HAVE_SYS_STAT_H 1
| #define HAVE_STDLIB_H 1
| #define HAVE_STRING_H 1
| #define HAVE_MEMORY_H 1
| #define HAVE_STRINGS_H 1
| #define HAVE_INTTYPES_H 1
| #define HAVE_STDINT_H 1
| #define HAVE_UNISTD_H 1
| #define __EXTENSIONS__ 1
| #define _ALL_SOURCE 1
| #define _GNU_SOURCE 1
| #define _POSIX_PTHREAD_SEMANTICS 1
| #define _TANDEM_SOURCE 1
| #define HAVE_PTHREAD 1
| #define HAVE_DLFCN_H 1
| #define LT_OBJDIR ".libs/"
| #define HAVE_LIBRT 1
| #define HAVE_LIBDL 1
| #define HAVE_LIBNSL 1
| #define HAVE_LIBREADLINE 1
| #define HAVE_READLINE_READLINE_H 1
| #define HAVE_READLINE_HISTORY 1
| #define HAVE_READLINE_HISTORY_H 1
| #define STDC_HEADERS 1
| #define HAVE_SYS_WAIT_H 1
| #define TIME_WITH_SYS_TIME 1
| #define HAVE_SYS_PARAM_H 1
| #define HAVE_SYS_TYPES_H 1
| #define HAVE_SYS_MOUNT_H 1
| #define HAVE_SYS_SOCKET_H 1
| #define HAVE_SYS_STATVFS_H 1
| #define HAVE_SYS_VFS_H 1
| #define HAVE_ENDIAN_H 1
| #define HAVE_EXECINFO_H 1
| #define HAVE_NETINET_IN_H 1
| #define HAVE_STDDEF_H 1
| #define HAVE_STDLIB_H 1
| #define HAVE_UNISTD_H 1
| #define RETSIGTYPE void
| #define HAVE_VPRINTF 1
| #define HAVE_STRERROR 1
| #define HAVE_DECL_STRERROR_R 1
| #define HAVE_STRERROR_R 1
| #define STRERROR_R_CHAR_P 1
| #define HAVE_SOCKET 1
| #define HAVE_STRPTIME 1
| #define HAVE_GETDTABLESIZE 1
| #define HAVE_TIMEGM 1
| #define HAVE_NANOSLEEP 1
| /* end confdefs.h.  */
| /* Define setppriv to an innocuous variant, in case <limits.h> declares setppriv.
|    For example, HP-UX 11i <limits.h> declares gettimeofday.  */
| #define setppriv innocuous_setppriv
| 
| /* System header to define __stub macros and hopefully few prototypes,
|     which can conflict with char setppriv (); below.
|     Prefer <limits.h> to <assert.h> if __STDC__ is defined, since
|     <limits.h> exists even on freestanding compilers.  */
| 
| #ifdef __STDC__
| # include <limits.h>
| #else
| # include <assert.h>
| #endif
| 
| #undef setppriv
| 
| /* Override any GCC internal prototype to avoid an error.
|    Use char because int might match the return type of a GCC
|    builtin and then its argument prototype would still apply.  */
| #ifdef __cplusplus
| extern "C"
| #endif
| char setppriv ();
| /* The GNU C library defines this for functions which it implements
|     to always fail with ENOSYS.  Some functions are actually named
|     something starting with __ and the normal name is an alias.  */
| #if defined __stub_setppriv || defined __stub___setppriv
| choke me
| #endif
| 
| int
| main ()
| {
| return setppriv ();
|   ;
|   return 0;
| }
configure:15480: result: no
configure:15494: checking for pthread_set_name_np
configure:15494: gcc -std=gnu99 -o conftest -g -O2 -pthread   conftest.c  >&5
/tmp/ccl5PoOQ.o: In function `main':
/home/ubuntu/lmc-packages/dependencies/varnish-3.0.5/conftest.c:96: undefined reference to `pthread_set_name_np'
collect2: error: ld returned 1 exit status
configure:15494: $? = 1
configure: failed program was:
| /* confdefs.h */
| #define PACKAGE_NAME "Varnish"
| #define PACKAGE_TARNAME "varnish"
| #define PACKAGE_VERSION "3.0.5"
| #define PACKAGE_STRING "Varnish 3.0.5"
| #define PACKAGE_BUGREPORT "varnish-dev@varnish-cache.org"
| #define PACKAGE_URL ""
| #define PACKAGE "varnish"
| #define VERSION "3.0.5"
| #define STDC_HEADERS 1
| #define HAVE_SYS_TYPES_H 1
| #define HAVE_SYS_STAT_H 1
| #define HAVE_STDLIB_H 1
| #define HAVE_STRING_H 1
| #define HAVE_MEMORY_H 1
| #define HAVE_STRINGS_H 1
| #define HAVE_INTTYPES_H 1
| #define HAVE_STDINT_H 1
| #define HAVE_UNISTD_H 1
| #define __EXTENSIONS__ 1
| #define _ALL_SOURCE 1
| #define _GNU_SOURCE 1
| #define _POSIX_PTHREAD_SEMANTICS 1
| #define _TANDEM_SOURCE 1
| #define HAVE_PTHREAD 1
| #define HAVE_DLFCN_H 1
| #define LT_OBJDIR ".libs/"
| #define HAVE_LIBRT 1
| #define HAVE_LIBDL 1
| #define HAVE_LIBNSL 1
| #define HAVE_LIBREADLINE 1
| #define HAVE_READLINE_READLINE_H 1
| #define HAVE_READLINE_HISTORY 1
| #define HAVE_READLINE_HISTORY_H 1
| #define STDC_HEADERS 1
| #define HAVE_SYS_WAIT_H 1
| #define TIME_WITH_SYS_TIME 1
| #define HAVE_SYS_PARAM_H 1
| #define HAVE_SYS_TYPES_H 1
| #define HAVE_SYS_MOUNT_H 1
| #define HAVE_SYS_SOCKET_H 1
| #define HAVE_SYS_STATVFS_H 1
| #define HAVE_SYS_VFS_H 1
| #define HAVE_ENDIAN_H 1
| #define HAVE_EXECINFO_H 1
| #define HAVE_NETINET_IN_H 1
| #define HAVE_STDDEF_H 1
| #define HAVE_STDLIB_H 1
| #define HAVE_UNISTD_H 1
| #define RETSIGTYPE void
| #define HAVE_VPRINTF 1
| #define HAVE_STRERROR 1
| #define HAVE_DECL_STRERROR_R 1
| #define HAVE_STRERROR_R 1
| #define STRERROR_R_CHAR_P 1
| #define HAVE_SOCKET 1
| #define HAVE_STRPTIME 1
| #define HAVE_GETDTABLESIZE 1
| #define HAVE_TIMEGM 1
| #define HAVE_NANOSLEEP 1
| /* end confdefs.h.  */
| /* Define pthread_set_name_np to an innocuous variant, in case <limits.h> declares pthread_set_name_np.
|    For example, HP-UX 11i <limits.h> declares gettimeofday.  */
| #define pthread_set_name_np innocuous_pthread_set_name_np
| 
| /* System header to define __stub macros and hopefully few prototypes,
|     which can conflict with char pthread_set_name_np (); below.
|     Prefer <limits.h> to <assert.h> if __STDC__ is defined, since
|     <limits.h> exists even on freestanding compilers.  */
| 
| #ifdef __STDC__
| # include <limits.h>
| #else
| # include <assert.h>
| #endif
| 
| #undef pthread_set_name_np
| 
| /* Override any GCC internal prototype to avoid an error.
|    Use char because int might match the return type of a GCC
|    builtin and then its argument prototype would still apply.  */
| #ifdef __cplusplus
| extern "C"
| #endif
| char pthread_set_name_np ();
| /* The GNU C library defines this for functions which it implements
|     to always fail with ENOSYS.  Some functions are actually named
|     something starting with __ and the normal name is an alias.  */
| #if defined __stub_pthread_set_name_np || defined __stub___pthread_set_name_np
| choke me
| #endif
| 
| int
| main ()
| {
| return pthread_set_name_np ();
|   ;
|   return 0;
| }
configure:15494: result: no
configure:15505: checking for pthread_mutex_isowned_np
configure:15505: gcc -std=gnu99 -o conftest -g -O2 -pthread   conftest.c  >&5
/tmp/cchba49Y.o: In function `main':
/home/ubuntu/lmc-packages/dependencies/varnish-3.0.5/conftest.c:96: undefined reference to `pthread_mutex_isowned_np'
collect2: error: ld returned 1 exit status
configure:15505: $? = 1
configure: failed program was:
| /* confdefs.h */
| #define PACKAGE_NAME "Varnish"
| #define PACKAGE_TARNAME "varnish"
| #define PACKAGE_VERSION "3.0.5"
| #define PACKAGE_STRING "Varnish 3.0.5"
| #define PACKAGE_BUGREPORT "varnish-dev@varnish-cache.org"
| #define PACKAGE_URL ""
| #define PACKAGE "varnish"
| #define VERSION "3.0.5"
| #define STDC_HEADERS 1
| #define HAVE_SYS_TYPES_H 1
| #define HAVE_SYS_STAT_H 1
| #define HAVE_STDLIB_H 1
| #define HAVE_STRING_H 1
| #define HAVE_MEMORY_H 1
| #define HAVE_STRINGS_H 1
| #define HAVE_INTTYPES_H 1
| #define HAVE_STDINT_H 1
| #define HAVE_UNISTD_H 1
| #define __EXTENSIONS__ 1
| #define _ALL_SOURCE 1
| #define _GNU_SOURCE 1
| #define _POSIX_PTHREAD_SEMANTICS 1
| #define _TANDEM_SOURCE 1
| #define HAVE_PTHREAD 1
| #define HAVE_DLFCN_H 1
| #define LT_OBJDIR ".libs/"
| #define HAVE_LIBRT 1
| #define HAVE_LIBDL 1
| #define HAVE_LIBNSL 1
| #define HAVE_LIBREADLINE 1
| #define HAVE_READLINE_READLINE_H 1
| #define HAVE_READLINE_HISTORY 1
| #define HAVE_READLINE_HISTORY_H 1
| #define STDC_HEADERS 1
| #define HAVE_SYS_WAIT_H 1
| #define TIME_WITH_SYS_TIME 1
| #define HAVE_SYS_PARAM_H 1
| #define HAVE_SYS_TYPES_H 1
| #define HAVE_SYS_MOUNT_H 1
| #define HAVE_SYS_SOCKET_H 1
| #define HAVE_SYS_STATVFS_H 1
| #define HAVE_SYS_VFS_H 1
| #define HAVE_ENDIAN_H 1
| #define HAVE_EXECINFO_H 1
| #define HAVE_NETINET_IN_H 1
| #define HAVE_STDDEF_H 1
| #define HAVE_STDLIB_H 1
| #define HAVE_UNISTD_H 1
| #define RETSIGTYPE void
| #define HAVE_VPRINTF 1
| #define HAVE_STRERROR 1
| #define HAVE_DECL_STRERROR_R 1
| #define HAVE_STRERROR_R 1
| #define STRERROR_R_CHAR_P 1
| #define HAVE_SOCKET 1
| #define HAVE_STRPTIME 1
| #define HAVE_GETDTABLESIZE 1
| #define HAVE_TIMEGM 1
| #define HAVE_NANOSLEEP 1
| /* end confdefs.h.  */
| /* Define pthread_mutex_isowned_np to an innocuous variant, in case <limits.h> declares pthread_mutex_isowned_np.
|    For example, HP-UX 11i <limits.h> declares gettimeofday.  */
| #define pthread_mutex_isowned_np innocuous_pthread_mutex_isowned_np
| 
| /* System header to define __stub macros and hopefully few prototypes,
|     which can conflict with char pthread_mutex_isowned_np (); below.
|     Prefer <limits.h> to <assert.h> if __STDC__ is defined, since
|     <limits.h> exists even on freestanding compilers.  */
| 
| #ifdef __STDC__
| # include <limits.h>
| #else
| # include <assert.h>
| #endif
| 
| #undef pthread_mutex_isowned_np
| 
| /* Override any GCC internal prototype to avoid an error.
|    Use char because int might match the return type of a GCC
|    builtin and then its argument prototype would still apply.  */
| #ifdef __cplusplus
| extern "C"
| #endif
| char pthread_mutex_isowned_np ();
| /* The GNU C library defines this for functions which it implements
|     to always fail with ENOSYS.  Some functions are actually named
|     something starting with __ and the normal name is an alias.  */
| #if defined __stub_pthread_mutex_isowned_np || defined __stub___pthread_mutex_isowned_np
| choke me
| #endif
| 
| int
| main ()
| {
| return pthread_mutex_isowned_np ();
|   ;
|   return 0;
| }
configure:15505: result: no
configure:15516: checking for pthread_timedjoin_np
configure:15516: gcc -std=gnu99 -o conftest -g -O2 -pthread   conftest.c  >&5
configure:15516: $? = 0
configure:15516: result: yes
configure:15582: WARNING: won't look for sendfile() on x86_64-unknown-linux-gnu
configure:15596: checking whether we have support for visibility attributes
configure:15625: gcc -std=gnu99 -o conftest -g -O2 -pthread -Werror   conftest.c   -lreadline >&5
configure:15625: $? = 0
configure:15625: ./conftest
configure:15625: $? = 0
configure:15636: result: yes
configure:15659: checking for malloc_conf in -ljemalloc
configure:15684: gcc -std=gnu99 -o conftest -g -O2 -pthread   conftest.c -ljemalloc    -lreadline >&5
/usr/bin/ld: cannot find -ljemalloc
collect2: error: ld returned 1 exit status
configure:15684: $? = 1
configure: failed program was:
| /* confdefs.h */
| #define PACKAGE_NAME "Varnish"
| #define PACKAGE_TARNAME "varnish"
| #define PACKAGE_VERSION "3.0.5"
| #define PACKAGE_STRING "Varnish 3.0.5"
| #define PACKAGE_BUGREPORT "varnish-dev@varnish-cache.org"
| #define PACKAGE_URL ""
| #define PACKAGE "varnish"
| #define VERSION "3.0.5"
| #define STDC_HEADERS 1
| #define HAVE_SYS_TYPES_H 1
| #define HAVE_SYS_STAT_H 1
| #define HAVE_STDLIB_H 1
| #define HAVE_STRING_H 1
| #define HAVE_MEMORY_H 1
| #define HAVE_STRINGS_H 1
| #define HAVE_INTTYPES_H 1
| #define HAVE_STDINT_H 1
| #define HAVE_UNISTD_H 1
| #define __EXTENSIONS__ 1
| #define _ALL_SOURCE 1
| #define _GNU_SOURCE 1
| #define _POSIX_PTHREAD_SEMANTICS 1
| #define _TANDEM_SOURCE 1
| #define HAVE_PTHREAD 1
| #define HAVE_DLFCN_H 1
| #define LT_OBJDIR ".libs/"
| #define HAVE_LIBRT 1
| #define HAVE_LIBDL 1
| #define HAVE_LIBNSL 1
| #define HAVE_LIBREADLINE 1
| #define HAVE_READLINE_READLINE_H 1
| #define HAVE_READLINE_HISTORY 1
| #define HAVE_READLINE_HISTORY_H 1
| #define STDC_HEADERS 1
| #define HAVE_SYS_WAIT_H 1
| #define TIME_WITH_SYS_TIME 1
| #define HAVE_SYS_PARAM_H 1
| #define HAVE_SYS_TYPES_H 1
| #define HAVE_SYS_MOUNT_H 1
| #define HAVE_SYS_SOCKET_H 1
| #define HAVE_SYS_STATVFS_H 1
| #define HAVE_SYS_VFS_H 1
| #define HAVE_ENDIAN_H 1
| #define HAVE_EXECINFO_H 1
| #define HAVE_NETINET_IN_H 1
| #define HAVE_STDDEF_H 1
| #define HAVE_STDLIB_H 1
| #define HAVE_UNISTD_H 1
| #define RETSIGTYPE void
| #define HAVE_VPRINTF 1
| #define HAVE_STRERROR 1
| #define HAVE_DECL_STRERROR_R 1
| #define HAVE_STRERROR_R 1
| #define STRERROR_R_CHAR_P 1
| #define HAVE_SOCKET 1
| #define HAVE_STRPTIME 1
| #define HAVE_GETDTABLESIZE 1
| #define HAVE_TIMEGM 1
| #define HAVE_NANOSLEEP 1
| #define HAVE_PTHREAD_TIMEDJOIN_NP 1
| /* end confdefs.h.  */
| 
| /* Override any GCC internal prototype to avoid an error.
|    Use char because int might match the return type of a GCC
|    builtin and then its argument prototype would still apply.  */
| #ifdef __cplusplus
| extern "C"
| #endif
| char malloc_conf ();
| int
| main ()
| {
| return malloc_conf ();
|   ;
|   return 0;
| }
configure:15693: result: no
configure:15698: No system jemalloc found, using bundled version
configure:15784: checking for setproctitle
configure:15784: gcc -std=gnu99 -o conftest -g -O2 -pthread   conftest.c   -lreadline >&5
/tmp/ccZTKJ76.o: In function `main':
/home/ubuntu/lmc-packages/dependencies/varnish-3.0.5/conftest.c:97: undefined reference to `setproctitle'
collect2: error: ld returned 1 exit status
configure:15784: $? = 1
configure: failed program was:
| /* confdefs.h */
| #define PACKAGE_NAME "Varnish"
| #define PACKAGE_TARNAME "varnish"
| #define PACKAGE_VERSION "3.0.5"
| #define PACKAGE_STRING "Varnish 3.0.5"
| #define PACKAGE_BUGREPORT "varnish-dev@varnish-cache.org"
| #define PACKAGE_URL ""
| #define PACKAGE "varnish"
| #define VERSION "3.0.5"
| #define STDC_HEADERS 1
| #define HAVE_SYS_TYPES_H 1
| #define HAVE_SYS_STAT_H 1
| #define HAVE_STDLIB_H 1
| #define HAVE_STRING_H 1
| #define HAVE_MEMORY_H 1
| #define HAVE_STRINGS_H 1
| #define HAVE_INTTYPES_H 1
| #define HAVE_STDINT_H 1
| #define HAVE_UNISTD_H 1
| #define __EXTENSIONS__ 1
| #define _ALL_SOURCE 1
| #define _GNU_SOURCE 1
| #define _POSIX_PTHREAD_SEMANTICS 1
| #define _TANDEM_SOURCE 1
| #define HAVE_PTHREAD 1
| #define HAVE_DLFCN_H 1
| #define LT_OBJDIR ".libs/"
| #define HAVE_LIBRT 1
| #define HAVE_LIBDL 1
| #define HAVE_LIBNSL 1
| #define HAVE_LIBREADLINE 1
| #define HAVE_READLINE_READLINE_H 1
| #define HAVE_READLINE_HISTORY 1
| #define HAVE_READLINE_HISTORY_H 1
| #define STDC_HEADERS 1
| #define HAVE_SYS_WAIT_H 1
| #define TIME_WITH_SYS_TIME 1
| #define HAVE_SYS_PARAM_H 1
| #define HAVE_SYS_TYPES_H 1
| #define HAVE_SYS_MOUNT_H 1
| #define HAVE_SYS_SOCKET_H 1
| #define HAVE_SYS_STATVFS_H 1
| #define HAVE_SYS_VFS_H 1
| #define HAVE_ENDIAN_H 1
| #define HAVE_EXECINFO_H 1
| #define HAVE_NETINET_IN_H 1
| #define HAVE_STDDEF_H 1
| #define HAVE_STDLIB_H 1
| #define HAVE_UNISTD_H 1
| #define RETSIGTYPE void
| #define HAVE_VPRINTF 1
| #define HAVE_STRERROR 1
| #define HAVE_DECL_STRERROR_R 1
| #define HAVE_STRERROR_R 1
| #define STRERROR_R_CHAR_P 1
| #define HAVE_SOCKET 1
| #define HAVE_STRPTIME 1
| #define HAVE_GETDTABLESIZE 1
| #define HAVE_TIMEGM 1
| #define HAVE_NANOSLEEP 1
| #define HAVE_PTHREAD_TIMEDJOIN_NP 1
| /* end confdefs.h.  */
| /* Define setproctitle to an innocuous variant, in case <limits.h> declares setproctitle.
|    For example, HP-UX 11i <limits.h> declares gettimeofday.  */
| #define setproctitle innocuous_setproctitle
| 
| /* System header to define __stub macros and hopefully few prototypes,
|     which can conflict with char setproctitle (); below.
|     Prefer <limits.h> to <assert.h> if __STDC__ is defined, since
|     <limits.h> exists even on freestanding compilers.  */
| 
| #ifdef __STDC__
| # include <limits.h>
| #else
| # include <assert.h>
| #endif
| 
| #undef setproctitle
| 
| /* Override any GCC internal prototype to avoid an error.
|    Use char because int might match the return type of a GCC
|    builtin and then its argument prototype would still apply.  */
| #ifdef __cplusplus
| extern "C"
| #endif
| char setproctitle ();
| /* The GNU C library defines this for functions which it implements
|     to always fail with ENOSYS.  Some functions are actually named
|     something starting with __ and the normal name is an alias.  */
| #if defined __stub_setproctitle || defined __stub___setproctitle
| choke me
| #endif
| 
| int
| main ()
| {
| return setproctitle ();
|   ;
|   return 0;
| }
configure:15784: result: no
configure:15795: checking for srandomdev
configure:15795: gcc -std=gnu99 -o conftest -g -O2 -pthread   conftest.c   -lreadline >&5
/tmp/ccqELsEc.o: In function `main':
/home/ubuntu/lmc-packages/dependencies/varnish-3.0.5/conftest.c:97: undefined reference to `srandomdev'
collect2: error: ld returned 1 exit status
configure:15795: $? = 1
configure: failed program was:
| /* confdefs.h */
| #define PACKAGE_NAME "Varnish"
| #define PACKAGE_TARNAME "varnish"
| #define PACKAGE_VERSION "3.0.5"
| #define PACKAGE_STRING "Varnish 3.0.5"
| #define PACKAGE_BUGREPORT "varnish-dev@varnish-cache.org"
| #define PACKAGE_URL ""
| #define PACKAGE "varnish"
| #define VERSION "3.0.5"
| #define STDC_HEADERS 1
| #define HAVE_SYS_TYPES_H 1
| #define HAVE_SYS_STAT_H 1
| #define HAVE_STDLIB_H 1
| #define HAVE_STRING_H 1
| #define HAVE_MEMORY_H 1
| #define HAVE_STRINGS_H 1
| #define HAVE_INTTYPES_H 1
| #define HAVE_STDINT_H 1
| #define HAVE_UNISTD_H 1
| #define __EXTENSIONS__ 1
| #define _ALL_SOURCE 1
| #define _GNU_SOURCE 1
| #define _POSIX_PTHREAD_SEMANTICS 1
| #define _TANDEM_SOURCE 1
| #define HAVE_PTHREAD 1
| #define HAVE_DLFCN_H 1
| #define LT_OBJDIR ".libs/"
| #define HAVE_LIBRT 1
| #define HAVE_LIBDL 1
| #define HAVE_LIBNSL 1
| #define HAVE_LIBREADLINE 1
| #define HAVE_READLINE_READLINE_H 1
| #define HAVE_READLINE_HISTORY 1
| #define HAVE_READLINE_HISTORY_H 1
| #define STDC_HEADERS 1
| #define HAVE_SYS_WAIT_H 1
| #define TIME_WITH_SYS_TIME 1
| #define HAVE_SYS_PARAM_H 1
| #define HAVE_SYS_TYPES_H 1
| #define HAVE_SYS_MOUNT_H 1
| #define HAVE_SYS_SOCKET_H 1
| #define HAVE_SYS_STATVFS_H 1
| #define HAVE_SYS_VFS_H 1
| #define HAVE_ENDIAN_H 1
| #define HAVE_EXECINFO_H 1
| #define HAVE_NETINET_IN_H 1
| #define HAVE_STDDEF_H 1
| #define HAVE_STDLIB_H 1
| #define HAVE_UNISTD_H 1
| #define RETSIGTYPE void
| #define HAVE_VPRINTF 1
| #define HAVE_STRERROR 1
| #define HAVE_DECL_STRERROR_R 1
| #define HAVE_STRERROR_R 1
| #define STRERROR_R_CHAR_P 1
| #define HAVE_SOCKET 1
| #define HAVE_STRPTIME 1
| #define HAVE_GETDTABLESIZE 1
| #define HAVE_TIMEGM 1
| #define HAVE_NANOSLEEP 1
| #define HAVE_PTHREAD_TIMEDJOIN_NP 1
| /* end confdefs.h.  */
| /* Define srandomdev to an innocuous variant, in case <limits.h> declares srandomdev.
|    For example, HP-UX 11i <limits.h> declares gettimeofday.  */
| #define srandomdev innocuous_srandomdev
| 
| /* System header to define __stub macros and hopefully few prototypes,
|     which can conflict with char srandomdev (); below.
|     Prefer <limits.h> to <assert.h> if __STDC__ is defined, since
|     <limits.h> exists even on freestanding compilers.  */
| 
| #ifdef __STDC__
| # include <limits.h>
| #else
| # include <assert.h>
| #endif
| 
| #undef srandomdev
| 
| /* Override any GCC internal prototype to avoid an error.
|    Use char because int might match the return type of a GCC
|    builtin and then its argument prototype would still apply.  */
| #ifdef __cplusplus
| extern "C"
| #endif
| char srandomdev ();
| /* The GNU C library defines this for functions which it implements
|     to always fail with ENOSYS.  Some functions are actually named
|     something starting with __ and the normal name is an alias.  */
| #if defined __stub_srandomdev || defined __stub___srandomdev
| choke me
| #endif
| 
| int
| main ()
| {
| return srandomdev ();
|   ;
|   return 0;
| }
configure:15795: result: no
configure:15806: checking for backtrace
configure:15806: gcc -std=gnu99 -o conftest -g -O2 -pthread   conftest.c   -lreadline >&5
configure:15806: $? = 0
configure:15806: result: yes
configure:15816: checking whether daemon() works
configure:15828: checking for daemon
configure:15828: gcc -std=gnu99 -o conftest -g -O2 -pthread   conftest.c   -lreadline >&5
configure:15828: $? = 0
configure:15828: result: yes
configure:15847: checking for special C compiler options needed for large files
configure:15892: result: no
configure:15898: checking for _FILE_OFFSET_BITS value needed for large files
configure:15923: gcc -std=gnu99 -c -g -O2 -pthread  conftest.c >&5
configure:15923: $? = 0
configure:15955: result: no
configure:16045: checking for clock_gettime
configure:16045: gcc -std=gnu99 -o conftest -g -O2 -pthread   conftest.c   -lreadline -lrt  >&5
configure:16045: $? = 0
configure:16045: result: yes
configure:16056: checking for gethrtime
configure:16056: gcc -std=gnu99 -o conftest -g -O2 -pthread   conftest.c   -lreadline -lrt  >&5
/tmp/ccuqfIAE.o: In function `main':
/home/ubuntu/lmc-packages/dependencies/varnish-3.0.5/conftest.c:100: undefined reference to `gethrtime'
collect2: error: ld returned 1 exit status
configure:16056: $? = 1
configure: failed program was:
| /* confdefs.h */
| #define PACKAGE_NAME "Varnish"
| #define PACKAGE_TARNAME "varnish"
| #define PACKAGE_VERSION "3.0.5"
| #define PACKAGE_STRING "Varnish 3.0.5"
| #define PACKAGE_BUGREPORT "varnish-dev@varnish-cache.org"
| #define PACKAGE_URL ""
| #define PACKAGE "varnish"
| #define VERSION "3.0.5"
| #define STDC_HEADERS 1
| #define HAVE_SYS_TYPES_H 1
| #define HAVE_SYS_STAT_H 1
| #define HAVE_STDLIB_H 1
| #define HAVE_STRING_H 1
| #define HAVE_MEMORY_H 1
| #define HAVE_STRINGS_H 1
| #define HAVE_INTTYPES_H 1
| #define HAVE_STDINT_H 1
| #define HAVE_UNISTD_H 1
| #define __EXTENSIONS__ 1
| #define _ALL_SOURCE 1
| #define _GNU_SOURCE 1
| #define _POSIX_PTHREAD_SEMANTICS 1
| #define _TANDEM_SOURCE 1
| #define HAVE_PTHREAD 1
| #define HAVE_DLFCN_H 1
| #define LT_OBJDIR ".libs/"
| #define HAVE_LIBRT 1
| #define HAVE_LIBDL 1
| #define HAVE_LIBNSL 1
| #define HAVE_LIBREADLINE 1
| #define HAVE_READLINE_READLINE_H 1
| #define HAVE_READLINE_HISTORY 1
| #define HAVE_READLINE_HISTORY_H 1
| #define STDC_HEADERS 1
| #define HAVE_SYS_WAIT_H 1
| #define TIME_WITH_SYS_TIME 1
| #define HAVE_SYS_PARAM_H 1
| #define HAVE_SYS_TYPES_H 1
| #define HAVE_SYS_MOUNT_H 1
| #define HAVE_SYS_SOCKET_H 1
| #define HAVE_SYS_STATVFS_H 1
| #define HAVE_SYS_VFS_H 1
| #define HAVE_ENDIAN_H 1
| #define HAVE_EXECINFO_H 1
| #define HAVE_NETINET_IN_H 1
| #define HAVE_STDDEF_H 1
| #define HAVE_STDLIB_H 1
| #define HAVE_UNISTD_H 1
| #define RETSIGTYPE void
| #define HAVE_VPRINTF 1
| #define HAVE_STRERROR 1
| #define HAVE_DECL_STRERROR_R 1
| #define HAVE_STRERROR_R 1
| #define STRERROR_R_CHAR_P 1
| #define HAVE_SOCKET 1
| #define HAVE_STRPTIME 1
| #define HAVE_GETDTABLESIZE 1
| #define HAVE_TIMEGM 1
| #define HAVE_NANOSLEEP 1
| #define HAVE_PTHREAD_TIMEDJOIN_NP 1
| #define HAVE_BACKTRACE 1
| #define HAVE_DAEMON 1
| #define HAVE_CLOCK_GETTIME 1
| /* end confdefs.h.  */
| /* Define gethrtime to an innocuous variant, in case <limits.h> declares gethrtime.
|    For example, HP-UX 11i <limits.h> declares gettimeofday.  */
| #define gethrtime innocuous_gethrtime
| 
| /* System header to define __stub macros and hopefully few prototypes,
|     which can conflict with char gethrtime (); below.
|     Prefer <limits.h> to <assert.h> if __STDC__ is defined, since
|     <limits.h> exists even on freestanding compilers.  */
| 
| #ifdef __STDC__
| # include <limits.h>
| #else
| # include <assert.h>
| #endif
| 
| #undef gethrtime
| 
| /* Override any GCC internal prototype to avoid an error.
|    Use char because int might match the return type of a GCC
|    builtin and then its argument prototype would still apply.  */
| #ifdef __cplusplus
| extern "C"
| #endif
| char gethrtime ();
| /* The GNU C library defines this for functions which it implements
|     to always fail with ENOSYS.  Some functions are actually named
|     something starting with __ and the normal name is an alias.  */
| #if defined __stub_gethrtime || defined __stub___gethrtime
| choke me
| #endif
| 
| int
| main ()
| {
| return gethrtime ();
|   ;
|   return 0;
| }
configure:16056: result: no
configure:16079: checking for kqueue
configure:16079: gcc -std=gnu99 -o conftest -g -O2 -pthread   conftest.c   -lreadline >&5
/tmp/ccCrw6dK.o: In function `main':
/home/ubuntu/lmc-packages/dependencies/varnish-3.0.5/conftest.c:100: undefined reference to `kqueue'
collect2: error: ld returned 1 exit status
configure:16079: $? = 1
configure: failed program was:
| /* confdefs.h */
| #define PACKAGE_NAME "Varnish"
| #define PACKAGE_TARNAME "varnish"
| #define PACKAGE_VERSION "3.0.5"
| #define PACKAGE_STRING "Varnish 3.0.5"
| #define PACKAGE_BUGREPORT "varnish-dev@varnish-cache.org"
| #define PACKAGE_URL ""
| #define PACKAGE "varnish"
| #define VERSION "3.0.5"
| #define STDC_HEADERS 1
| #define HAVE_SYS_TYPES_H 1
| #define HAVE_SYS_STAT_H 1
| #define HAVE_STDLIB_H 1
| #define HAVE_STRING_H 1
| #define HAVE_MEMORY_H 1
| #define HAVE_STRINGS_H 1
| #define HAVE_INTTYPES_H 1
| #define HAVE_STDINT_H 1
| #define HAVE_UNISTD_H 1
| #define __EXTENSIONS__ 1
| #define _ALL_SOURCE 1
| #define _GNU_SOURCE 1
| #define _POSIX_PTHREAD_SEMANTICS 1
| #define _TANDEM_SOURCE 1
| #define HAVE_PTHREAD 1
| #define HAVE_DLFCN_H 1
| #define LT_OBJDIR ".libs/"
| #define HAVE_LIBRT 1
| #define HAVE_LIBDL 1
| #define HAVE_LIBNSL 1
| #define HAVE_LIBREADLINE 1
| #define HAVE_READLINE_READLINE_H 1
| #define HAVE_READLINE_HISTORY 1
| #define HAVE_READLINE_HISTORY_H 1
| #define STDC_HEADERS 1
| #define HAVE_SYS_WAIT_H 1
| #define TIME_WITH_SYS_TIME 1
| #define HAVE_SYS_PARAM_H 1
| #define HAVE_SYS_TYPES_H 1
| #define HAVE_SYS_MOUNT_H 1
| #define HAVE_SYS_SOCKET_H 1
| #define HAVE_SYS_STATVFS_H 1
| #define HAVE_SYS_VFS_H 1
| #define HAVE_ENDIAN_H 1
| #define HAVE_EXECINFO_H 1
| #define HAVE_NETINET_IN_H 1
| #define HAVE_STDDEF_H 1
| #define HAVE_STDLIB_H 1
| #define HAVE_UNISTD_H 1
| #define RETSIGTYPE void
| #define HAVE_VPRINTF 1
| #define HAVE_STRERROR 1
| #define HAVE_DECL_STRERROR_R 1
| #define HAVE_STRERROR_R 1
| #define STRERROR_R_CHAR_P 1
| #define HAVE_SOCKET 1
| #define HAVE_STRPTIME 1
| #define HAVE_GETDTABLESIZE 1
| #define HAVE_TIMEGM 1
| #define HAVE_NANOSLEEP 1
| #define HAVE_PTHREAD_TIMEDJOIN_NP 1
| #define HAVE_BACKTRACE 1
| #define HAVE_DAEMON 1
| #define HAVE_CLOCK_GETTIME 1
| /* end confdefs.h.  */
| /* Define kqueue to an innocuous variant, in case <limits.h> declares kqueue.
|    For example, HP-UX 11i <limits.h> declares gettimeofday.  */
| #define kqueue innocuous_kqueue
| 
| /* System header to define __stub macros and hopefully few prototypes,
|     which can conflict with char kqueue (); below.
|     Prefer <limits.h> to <assert.h> if __STDC__ is defined, since
|     <limits.h> exists even on freestanding compilers.  */
| 
| #ifdef __STDC__
| # include <limits.h>
| #else
| # include <assert.h>
| #endif
| 
| #undef kqueue
| 
| /* Override any GCC internal prototype to avoid an error.
|    Use char because int might match the return type of a GCC
|    builtin and then its argument prototype would still apply.  */
| #ifdef __cplusplus
| extern "C"
| #endif
| char kqueue ();
| /* The GNU C library defines this for functions which it implements
|     to always fail with ENOSYS.  Some functions are actually named
|     something starting with __ and the normal name is an alias.  */
| #if defined __stub_kqueue || defined __stub___kqueue
| choke me
| #endif
| 
| int
| main ()
| {
| return kqueue ();
|   ;
|   return 0;
| }
configure:16079: result: no
configure:16104: checking for epoll_ctl
configure:16104: gcc -std=gnu99 -o conftest -g -O2 -pthread   conftest.c   -lreadline >&5
configure:16104: $? = 0
configure:16104: result: yes
configure:16129: checking for port_create
configure:16129: gcc -std=gnu99 -o conftest -g -O2 -pthread   conftest.c   -lreadline >&5
/tmp/ccWpHm8S.o: In function `main':
/home/ubuntu/lmc-packages/dependencies/varnish-3.0.5/conftest.c:101: undefined reference to `port_create'
collect2: error: ld returned 1 exit status
configure:16129: $? = 1
configure: failed program was:
| /* confdefs.h */
| #define PACKAGE_NAME "Varnish"
| #define PACKAGE_TARNAME "varnish"
| #define PACKAGE_VERSION "3.0.5"
| #define PACKAGE_STRING "Varnish 3.0.5"
| #define PACKAGE_BUGREPORT "varnish-dev@varnish-cache.org"
| #define PACKAGE_URL ""
| #define PACKAGE "varnish"
| #define VERSION "3.0.5"
| #define STDC_HEADERS 1
| #define HAVE_SYS_TYPES_H 1
| #define HAVE_SYS_STAT_H 1
| #define HAVE_STDLIB_H 1
| #define HAVE_STRING_H 1
| #define HAVE_MEMORY_H 1
| #define HAVE_STRINGS_H 1
| #define HAVE_INTTYPES_H 1
| #define HAVE_STDINT_H 1
| #define HAVE_UNISTD_H 1
| #define __EXTENSIONS__ 1
| #define _ALL_SOURCE 1
| #define _GNU_SOURCE 1
| #define _POSIX_PTHREAD_SEMANTICS 1
| #define _TANDEM_SOURCE 1
| #define HAVE_PTHREAD 1
| #define HAVE_DLFCN_H 1
| #define LT_OBJDIR ".libs/"
| #define HAVE_LIBRT 1
| #define HAVE_LIBDL 1
| #define HAVE_LIBNSL 1
| #define HAVE_LIBREADLINE 1
| #define HAVE_READLINE_READLINE_H 1
| #define HAVE_READLINE_HISTORY 1
| #define HAVE_READLINE_HISTORY_H 1
| #define STDC_HEADERS 1
| #define HAVE_SYS_WAIT_H 1
| #define TIME_WITH_SYS_TIME 1
| #define HAVE_SYS_PARAM_H 1
| #define HAVE_SYS_TYPES_H 1
| #define HAVE_SYS_MOUNT_H 1
| #define HAVE_SYS_SOCKET_H 1
| #define HAVE_SYS_STATVFS_H 1
| #define HAVE_SYS_VFS_H 1
| #define HAVE_ENDIAN_H 1
| #define HAVE_EXECINFO_H 1
| #define HAVE_NETINET_IN_H 1
| #define HAVE_STDDEF_H 1
| #define HAVE_STDLIB_H 1
| #define HAVE_UNISTD_H 1
| #define RETSIGTYPE void
| #define HAVE_VPRINTF 1
| #define HAVE_STRERROR 1
| #define HAVE_DECL_STRERROR_R 1
| #define HAVE_STRERROR_R 1
| #define STRERROR_R_CHAR_P 1
| #define HAVE_SOCKET 1
| #define HAVE_STRPTIME 1
| #define HAVE_GETDTABLESIZE 1
| #define HAVE_TIMEGM 1
| #define HAVE_NANOSLEEP 1
| #define HAVE_PTHREAD_TIMEDJOIN_NP 1
| #define HAVE_BACKTRACE 1
| #define HAVE_DAEMON 1
| #define HAVE_CLOCK_GETTIME 1
| #define HAVE_EPOLL_CTL 1
| /* end confdefs.h.  */
| /* Define port_create to an innocuous variant, in case <limits.h> declares port_create.
|    For example, HP-UX 11i <limits.h> declares gettimeofday.  */
| #define port_create innocuous_port_create
| 
| /* System header to define __stub macros and hopefully few prototypes,
|     which can conflict with char port_create (); below.
|     Prefer <limits.h> to <assert.h> if __STDC__ is defined, since
|     <limits.h> exists even on freestanding compilers.  */
| 
| #ifdef __STDC__
| # include <limits.h>
| #else
| # include <assert.h>
| #endif
| 
| #undef port_create
| 
| /* Override any GCC internal prototype to avoid an error.
|    Use char because int might match the return type of a GCC
|    builtin and then its argument prototype would still apply.  */
| #ifdef __cplusplus
| extern "C"
| #endif
| char port_create ();
| /* The GNU C library defines this for functions which it implements
|     to always fail with ENOSYS.  Some functions are actually named
|     something starting with __ and the normal name is an alias.  */
| #if defined __stub_port_create || defined __stub___port_create
| choke me
| #endif
| 
| int
| main ()
| {
| return port_create ();
|   ;
|   return 0;
| }
configure:16129: result: no
configure:16163: checking for python3
configure:16179: found /usr/bin/python3
configure:16190: result: python3
configure:16217: checking whether SO_RCVTIMEO works
configure:16253: gcc -std=gnu99 -o conftest -g -O2 -pthread   conftest.c   -lreadline -lnsl  >&5
configure:16253: $? = 0
configure:16253: ./conftest
configure:16253: $? = 0
configure:16264: result: yes
configure:16275: checking whether SO_SNDTIMEO works
configure:16311: gcc -std=gnu99 -o conftest -g -O2 -pthread   conftest.c   -lreadline -lnsl  >&5
configure:16311: $? = 0
configure:16311: ./conftest
configure:16311: $? = 0
configure:16322: result: yes
configure:16353: checking if LD -Wl,--version-script works
configure:16377: gcc -std=gnu99 -o conftest -g -O2 -pthread   -Wl,--version-script=conftest.map conftest.c   -lreadline >&5
configure:16377: $? = 0
configure:16386: result: yes
configure:16452: gcc -std=gnu99 -c -g -O2 -pthread -Wextra -Wno-missing-field-initializers -Wno-sign-compare  conftest.c >&5
configure:16452: $? = 0
configure:16677: checking that generated files are newer than configure
configure:16683: result: done
configure:16734: creating ./config.status

## ---------------- ##
## Cache variables. ##
## ---------------- ##

ac_cv_build=x86_64-unknown-linux-gnu
ac_cv_c_compiler_gnu=yes
ac_cv_c_const=yes
ac_cv_env_CC_set=
ac_cv_env_CC_value=
ac_cv_env_CFLAGS_set=
ac_cv_env_CFLAGS_value=
ac_cv_env_CPPFLAGS_set=
ac_cv_env_CPPFLAGS_value=
ac_cv_env_CPP_set=
ac_cv_env_CPP_value=
ac_cv_env_LDFLAGS_set=
ac_cv_env_LDFLAGS_value=
ac_cv_env_LIBEDIT_CFLAGS_set=
ac_cv_env_LIBEDIT_CFLAGS_value=
ac_cv_env_LIBEDIT_LIBS_set=
ac_cv_env_LIBEDIT_LIBS_value=
ac_cv_env_LIBS_set=
ac_cv_env_LIBS_value=
ac_cv_env_PCRE_CFLAGS_set=
ac_cv_env_PCRE_CFLAGS_value=
ac_cv_env_PCRE_LIBS_set=
ac_cv_env_PCRE_LIBS_value=
ac_cv_env_PKG_CONFIG_LIBDIR_set=
ac_cv_env_PKG_CONFIG_LIBDIR_value=
ac_cv_env_PKG_CONFIG_PATH_set=
ac_cv_env_PKG_CONFIG_PATH_value=
ac_cv_env_PKG_CONFIG_set=
ac_cv_env_PKG_CONFIG_value=
ac_cv_env_VCC_CC_set=
ac_cv_env_VCC_CC_value=
ac_cv_env_build_alias_set=
ac_cv_env_build_alias_value=
ac_cv_env_host_alias_set=
ac_cv_env_host_alias_value=
ac_cv_env_target_alias_set=
ac_cv_env_target_alias_value=
ac_cv_func__doprnt=no
ac_cv_func_abort2=no
ac_cv_func_backtrace=yes
ac_cv_func_clock_gettime=yes
ac_cv_func_daemon=yes
ac_cv_func_dladdr=no
ac_cv_func_epoll_ctl=yes
ac_cv_func_fmtcheck=no
ac_cv_func_getdtablesize=yes
ac_cv_func_gethrtime=no
ac_cv_func_kqueue=no
ac_cv_func_nanosleep=yes
ac_cv_func_port_create=no
ac_cv_func_pthread_mutex_isowned_np=no
ac_cv_func_pthread_set_name_np=no
ac_cv_func_pthread_timedjoin_np=yes
ac_cv_func_setppriv=no
ac_cv_func_setproctitle=no
ac_cv_func_socket=yes
ac_cv_func_srandomdev=no
ac_cv_func_strerror=yes
ac_cv_func_strerror_r=yes
ac_cv_func_strerror_r_char_p=yes
ac_cv_func_strptime=yes
ac_cv_func_timegm=yes
ac_cv_func_vprintf=yes
ac_cv_have_decl_strerror_r=yes
ac_cv_have_viz=yes
ac_cv_header_curses_h=no
ac_cv_header_dlfcn_h=yes
ac_cv_header_endian_h=yes
ac_cv_header_execinfo_h=yes
ac_cv_header_history_h=no
ac_cv_header_inttypes_h=yes
ac_cv_header_memory_h=yes
ac_cv_header_minix_config_h=no
ac_cv_header_ncurses_curses_h=no
ac_cv_header_netinet_in_h=yes
ac_cv_header_priv_h=no
ac_cv_header_pthread_np_h=no
ac_cv_header_readline_h=no
ac_cv_header_readline_history_h=yes
ac_cv_header_readline_readline_h=yes
ac_cv_header_stdc=yes
ac_cv_header_stddef_h=yes
ac_cv_header_stdint_h=yes
ac_cv_header_stdlib_h=yes
ac_cv_header_string_h=yes
ac_cv_header_strings_h=yes
ac_cv_header_sys_endian_h=no
ac_cv_header_sys_filio_h=no
ac_cv_header_sys_mount_h=yes
ac_cv_header_sys_param_h=yes
ac_cv_header_sys_socket_h=yes
ac_cv_header_sys_stat_h=yes
ac_cv_header_sys_statvfs_h=yes
ac_cv_header_sys_types_h=yes
ac_cv_header_sys_vfs_h=yes
ac_cv_header_sys_wait_h=yes
ac_cv_header_time=yes
ac_cv_header_unistd_h=yes
ac_cv_host=x86_64-unknown-linux-gnu
ac_cv_lib_dl_dlopen=yes
ac_cv_lib_jemalloc_malloc_conf=no
ac_cv_lib_m_cos=yes
ac_cv_lib_nsl_getaddrinfo=yes
ac_cv_lib_rt_clock_gettime=yes
ac_cv_lib_socket_socket=no
ac_cv_member_struct_sockaddr_sa_len=no
ac_cv_objext=o
ac_cv_path_EGREP='/bin/grep -E'
ac_cv_path_FGREP='/bin/grep -F'
ac_cv_path_GREP=/bin/grep
ac_cv_path_SED=/bin/sed
ac_cv_path_ac_pt_PKG_CONFIG=/usr/bin/pkg-config
ac_cv_path_install='/usr/bin/install -c'
ac_cv_path_mkdir=/bin/mkdir
ac_cv_prog_AWK=gawk
ac_cv_prog_CPP='gcc -E'
ac_cv_prog_PYTHON=python3
ac_cv_prog_RST2HTML=rst2html
ac_cv_prog_RST2MAN=rst2man
ac_cv_prog_ac_ct_AR=ar
ac_cv_prog_ac_ct_CC=gcc
ac_cv_prog_ac_ct_MANIFEST_TOOL=mt
ac_cv_prog_ac_ct_OBJDUMP=objdump
ac_cv_prog_ac_ct_RANLIB=ranlib
ac_cv_prog_ac_ct_STRIP=strip
ac_cv_prog_cc_c89=
ac_cv_prog_cc_c99=-std=gnu99
ac_cv_prog_cc_g=yes
ac_cv_prog_cc_stdc=-std=gnu99
ac_cv_prog_make_make_set=yes
ac_cv_safe_to_define___extensions__=yes
ac_cv_search_initscr=no
ac_cv_search_pthread_create='none required'
ac_cv_so_rcvtimeo_works=yes
ac_cv_so_sndtimeo_works=yes
ac_cv_sys_file_offset_bits=no
ac_cv_sys_largefile_CC=no
ac_cv_target=x86_64-unknown-linux-gnu
ac_cv_type_signal=void
ac_cv_type_size_t=yes
am_cv_CC_dependencies_compiler_type=gcc3
am_cv_make_support_nested_variables=yes
am_cv_prog_cc_c_o=yes
ax_cv_lib_readline=-lreadline
ax_cv_lib_readline_history=yes
lt_cv_ar_at_file=@
lt_cv_archive_cmds_need_lc=no
lt_cv_deplibs_check_method=pass_all
lt_cv_file_magic_cmd='$MAGIC_CMD'
lt_cv_file_magic_test_file=
lt_cv_ld_reload_flag=-r
lt_cv_nm_interface='BSD nm'
lt_cv_objdir=.libs
lt_cv_path_LD=/usr/bin/ld
lt_cv_path_NM='/usr/bin/nm -B'
lt_cv_path_mainfest_tool=no
lt_cv_prog_compiler_c_o=yes
lt_cv_prog_compiler_pic='-fPIC -DPIC'
lt_cv_prog_compiler_pic_works=yes
lt_cv_prog_compiler_rtti_exceptions=no
lt_cv_prog_compiler_static_works=yes
lt_cv_prog_gnu_ld=yes
lt_cv_sharedlib_from_linklib_cmd='printf %s\n'
lt_cv_shlibpath_overrides_runpath=no
lt_cv_sys_global_symbol_pipe='sed -n -e '\''s/^.*[	 ]\([ABCDGIRSTW][ABCDGIRSTW]*\)[	 ][	 ]*\([_A-Za-z][_A-Za-z0-9]*\)$/\1 \2 \2/p'\'' | sed '\''/ __gnu_lto/d'\'''
lt_cv_sys_global_symbol_to_c_name_address='sed -n -e '\''s/^: \([^ ]*\)[ ]*$/  {\"\1\", (void *) 0},/p'\'' -e '\''s/^[ABCDGIRSTW]* \([^ ]*\) \([^ ]*\)$/  {"\2", (void *) \&\2},/p'\'''
lt_cv_sys_global_symbol_to_c_name_address_lib_prefix='sed -n -e '\''s/^: \([^ ]*\)[ ]*$/  {\"\1\", (void *) 0},/p'\'' -e '\''s/^[ABCDGIRSTW]* \([^ ]*\) \(lib[^ ]*\)$/  {"\2", (void *) \&\2},/p'\'' -e '\''s/^[ABCDGIRSTW]* \([^ ]*\) \([^ ]*\)$/  {"lib\2", (void *) \&\2},/p'\'''
lt_cv_sys_global_symbol_to_cdecl='sed -n -e '\''s/^T .* \(.*\)$/extern int \1();/p'\'' -e '\''s/^[ABCDGIRSTW]* .* \(.*\)$/extern char \1;/p'\'''
lt_cv_sys_max_cmd_len=3458764513820540925
lt_cv_to_host_file_cmd=func_convert_file_noop
lt_cv_to_tool_file_cmd=func_convert_file_noop
pkg_cv_PCRE_CFLAGS=' '
pkg_cv_PCRE_LIBS='-lpcre  '

## ----------------- ##
## Output variables. ##
## ----------------- ##

ACLOCAL='${SHELL} /home/ubuntu/lmc-packages/dependencies/varnish-3.0.5/missing aclocal-1.14'
AMDEPBACKSLASH='\'
AMDEP_FALSE='#'
AMDEP_TRUE=''
AMTAR='$${TAR-tar}'
AM_BACKSLASH='\'
AM_DEFAULT_V='$(AM_DEFAULT_VERBOSITY)'
AM_DEFAULT_VERBOSITY='1'
AM_V='$(V)'
AR='ar'
AUTOCONF='${SHELL} /home/ubuntu/lmc-packages/dependencies/varnish-3.0.5/missing autoconf'
AUTOHEADER='${SHELL} /home/ubuntu/lmc-packages/dependencies/varnish-3.0.5/missing autoheader'
AUTOMAKE='${SHELL} /home/ubuntu/lmc-packages/dependencies/varnish-3.0.5/missing automake-1.14'
AWK='gawk'
CC='gcc -std=gnu99'
CCDEPMODE='depmode=gcc3'
CFLAGS='-g -O2 -pthread -Wextra -Wno-missing-field-initializers -Wno-sign-compare'
CPP='gcc -E'
CPPFLAGS=''
CURSES_LIBS=''
CYGPATH_W='echo'
DEFS='-DHAVE_CONFIG_H'
DEPDIR='.deps'
DLLTOOL='false'
DL_LIBS='-ldl '
DSYMUTIL=''
DUMPBIN=''
ECHO_C=''
ECHO_N='-n'
ECHO_T=''
EGREP='/bin/grep -E'
ENABLE_TESTS_FALSE=''
ENABLE_TESTS_TRUE='#'
EXEEXT=''
FGREP='/bin/grep -F'
GREP='/bin/grep'
HAVE_CURSES_FALSE=''
HAVE_CURSES_TRUE='#'
HAVE_LD_VERSION_SCRIPT_FALSE='#'
HAVE_LD_VERSION_SCRIPT_TRUE=''
HAVE_RST2HTML_FALSE='#'
HAVE_RST2HTML_TRUE=''
HAVE_RST2MAN_FALSE='#'
HAVE_RST2MAN_TRUE=''
HAVE_XSLTPROC_FALSE=''
HAVE_XSLTPROC_TRUE='#'
INSTALL_DATA='${INSTALL} -m 644'
INSTALL_PROGRAM='${INSTALL}'
INSTALL_SCRIPT='${INSTALL}'
INSTALL_STRIP_PROGRAM='$(install_sh) -c -s'
JEMALLOC_LDADD='$(top_builddir)/lib/libjemalloc/libjemalloc_mt.la'
JEMALLOC_SUBDIR='libjemalloc'
LD='/usr/bin/ld -m elf_x86_64'
LDFLAGS=''
LIBEDIT_CFLAGS=''
LIBEDIT_LIBS=''
LIBM='-lm'
LIBOBJS=''
LIBS='  -lreadline'
LIBTOOL='$(SHELL) $(top_builddir)/libtool'
LIBUMEM=''
LIPO=''
LN_S='ln -s'
LTLIBOBJS=''
MAKEINFO='${SHELL} /home/ubuntu/lmc-packages/dependencies/varnish-3.0.5/missing makeinfo'
MANIFEST_TOOL=':'
MKDIR_P='/bin/mkdir -p'
NET_LIBS='-lnsl '
NM='/usr/bin/nm -B'
NMEDIT=''
OBJDUMP='objdump'
OBJEXT='o'
OTOOL64=''
OTOOL=''
PACKAGE='varnish'
PACKAGE_BUGREPORT='varnish-dev@varnish-cache.org'
PACKAGE_NAME='Varnish'
PACKAGE_STRING='Varnish 3.0.5'
PACKAGE_TARNAME='varnish'
PACKAGE_URL=''
PACKAGE_VERSION='3.0.5'
PATH_SEPARATOR=':'
PCRE_CFLAGS=' '
PCRE_CONFIG=''
PCRE_LIBS='-lpcre  '
PKG_CONFIG='/usr/bin/pkg-config'
PKG_CONFIG_LIBDIR=''
PKG_CONFIG_PATH=''
PTHREAD_CC='gcc -std=gnu99'
PTHREAD_CFLAGS='-pthread'
PTHREAD_LIBS=''
PYTHON='python3'
RANLIB='ranlib'
RST2HTML='rst2html'
RST2MAN='rst2man'
RT_LIBS='-lrt '
SED='/bin/sed'
SET_MAKE=''
SHELL='/bin/bash'
STRIP='strip'
VARNISH_STATE_DIR='${localstatedir}/varnish'
VCC_CC='exec gcc -std=gnu99  -pthread -fpic -shared -Wl,-x -o %o %s'
VERSION='3.0.5'
XSLTPROC='no'
ac_ct_AR='ar'
ac_ct_CC='gcc'
ac_ct_DUMPBIN=''
am__EXEEXT_FALSE=''
am__EXEEXT_TRUE='#'
am__fastdepCC_FALSE='#'
am__fastdepCC_TRUE=''
am__include='include'
am__isrc=''
am__leading_dot='.'
am__nodep='_no'
am__quote=''
am__tar='$${TAR-tar} chof - "$$tardir"'
am__untar='$${TAR-tar} xf -'
ax_pthread_config=''
bindir='${exec_prefix}/bin'
build='x86_64-unknown-linux-gnu'
build_alias=''
build_cpu='x86_64'
build_os='linux-gnu'
build_vendor='unknown'
datadir='${datarootdir}'
datarootdir='${prefix}/share'
docdir='${datarootdir}/doc/${PACKAGE_TARNAME}'
dvidir='${docdir}'
exec_prefix='${prefix}'
host='x86_64-unknown-linux-gnu'
host_alias=''
host_cpu='x86_64'
host_os='linux-gnu'
host_vendor='unknown'
htmldir='${docdir}'
includedir='${prefix}/include'
infodir='${datarootdir}/info'
install_sh='${SHELL} /home/ubuntu/lmc-packages/dependencies/varnish-3.0.5/install-sh'
libdir='${exec_prefix}/lib'
libexecdir='${exec_prefix}/libexec'
libvgz_extra_cflags=''
localedir='${datarootdir}/locale'
localstatedir='${prefix}/var'
mandir='${datarootdir}/man'
mkdir_p='$(MKDIR_P)'
oldincludedir='/usr/include'
pdfdir='${docdir}'
prefix='/usr/local'
program_transform_name='s,x,x,'
psdir='${docdir}'
sbindir='${exec_prefix}/sbin'
sharedstatedir='${prefix}/com'
sysconfdir='${prefix}/etc'
target='x86_64-unknown-linux-gnu'
target_alias=''
target_cpu='x86_64'
target_os='linux-gnu'
target_vendor='unknown'
varnishconfdir='${sysconfdir}/varnish'

## ----------- ##
## confdefs.h. ##
## ----------- ##

/* confdefs.h */
#define PACKAGE_NAME "Varnish"
#define PACKAGE_TARNAME "varnish"
#define PACKAGE_VERSION "3.0.5"
#define PACKAGE_STRING "Varnish 3.0.5"
#define PACKAGE_BUGREPORT "varnish-dev@varnish-cache.org"
#define PACKAGE_URL ""
#define PACKAGE "varnish"
#define VERSION "3.0.5"
#define STDC_HEADERS 1
#define HAVE_SYS_TYPES_H 1
#define HAVE_SYS_STAT_H 1
#define HAVE_STDLIB_H 1
#define HAVE_STRING_H 1
#define HAVE_MEMORY_H 1
#define HAVE_STRINGS_H 1
#define HAVE_INTTYPES_H 1
#define HAVE_STDINT_H 1
#define HAVE_UNISTD_H 1
#define __EXTENSIONS__ 1
#define _ALL_SOURCE 1
#define _GNU_SOURCE 1
#define _POSIX_PTHREAD_SEMANTICS 1
#define _TANDEM_SOURCE 1
#define HAVE_PTHREAD 1
#define HAVE_DLFCN_H 1
#define LT_OBJDIR ".libs/"
#define HAVE_LIBRT 1
#define HAVE_LIBDL 1
#define HAVE_LIBNSL 1
#define HAVE_LIBREADLINE 1
#define HAVE_READLINE_READLINE_H 1
#define HAVE_READLINE_HISTORY 1
#define HAVE_READLINE_HISTORY_H 1
#define STDC_HEADERS 1
#define HAVE_SYS_WAIT_H 1
#define TIME_WITH_SYS_TIME 1
#define HAVE_SYS_PARAM_H 1
#define HAVE_SYS_TYPES_H 1
#define HAVE_SYS_MOUNT_H 1
#define HAVE_SYS_SOCKET_H 1
#define HAVE_SYS_STATVFS_H 1
#define HAVE_SYS_VFS_H 1
#define HAVE_ENDIAN_H 1
#define HAVE_EXECINFO_H 1
#define HAVE_NETINET_IN_H 1
#define HAVE_STDDEF_H 1
#define HAVE_STDLIB_H 1
#define HAVE_UNISTD_H 1
#define RETSIGTYPE void
#define HAVE_VPRINTF 1
#define HAVE_STRERROR 1
#define HAVE_DECL_STRERROR_R 1
#define HAVE_STRERROR_R 1
#define STRERROR_R_CHAR_P 1
#define HAVE_SOCKET 1
#define HAVE_STRPTIME 1
#define HAVE_GETDTABLESIZE 1
#define HAVE_TIMEGM 1
#define HAVE_NANOSLEEP 1
#define HAVE_PTHREAD_TIMEDJOIN_NP 1
#define HAVE_BACKTRACE 1
#define HAVE_DAEMON 1
#define HAVE_CLOCK_GETTIME 1
#define HAVE_EPOLL_CTL 1
#define SO_RCVTIMEO_WORKS 1
#define SO_SNDTIMEO_WORKS 1
#define VCC_CC "exec gcc -std=gnu99  -pthread -fpic -shared -Wl,-x -o %o %s"

configure: exit 0

## ---------------------- ##
## Running config.status. ##
## ---------------------- ##

This file was extended by Varnish config.status 3.0.5, which was
generated by GNU Autoconf 2.69.  Invocation command line was

  CONFIG_FILES    = 
  CONFIG_HEADERS  = 
  CONFIG_LINKS    = 
  CONFIG_COMMANDS = 
  $ ./config.status 

on build-server

config.status:1198: creating Makefile
config.status:1198: creating bin/Makefile
config.status:1198: creating bin/varnishadm/Makefile
config.status:1198: creating bin/varnishd/Makefile
config.status:1198: creating bin/varnishlog/Makefile
config.status:1198: creating bin/varnishhist/Makefile
config.status:1198: creating bin/varnishncsa/Makefile
config.status:1198: creating bin/varnishreplay/Makefile
config.status:1198: creating bin/varnishstat/Makefile
config.status:1198: creating bin/varnishsizes/Makefile
config.status:1198: creating bin/varnishtest/Makefile
config.status:1198: creating bin/varnishtop/Makefile
config.status:1198: creating doc/Makefile
config.status:1198: creating doc/sphinx/Makefile
config.status:1198: creating doc/sphinx/conf.py
config.status:1198: creating etc/Makefile
config.status:1198: creating include/Makefile
config.status:1198: creating lib/Makefile
config.status:1198: creating lib/libvarnish/Makefile
config.status:1198: creating lib/libvarnishapi/Makefile
config.status:1198: creating lib/libvarnishcompat/Makefile
config.status:1198: creating lib/libvcl/Makefile
config.status:1198: creating lib/libvgz/Makefile
config.status:1198: creating lib/libvmod_std/Makefile
config.status:1198: creating lib/libjemalloc/Makefile
config.status:1198: creating man/Makefile
config.status:1198: creating redhat/Makefile
config.status:1198: creating varnishapi.pc
config.status:1198: creating config.h
config.status:1379: config.h is unchanged
config.status:1427: executing depfiles commands
config.status:1427: executing libtool commands
